{"/Users/hejinyang/vibeditor/src/components/AssetManager.tsx": {"path":"/Users/hejinyang/vibeditor/src/components/AssetManager.tsx","statementMap":{"0":{"start":{"line":6,"column":26},"end":{"line":6,"column":null}},"1":{"start":{"line":7,"column":22},"end":{"line":7,"column":null}},"2":{"start":{"line":8,"column":34},"end":{"line":8,"column":null}},"3":{"start":{"line":9,"column":8},"end":{"line":9,"column":null}},"4":{"start":{"line":11,"column":40},"end":{"line":11,"column":null}},"5":{"start":{"line":13,"column":27},"end":{"line":22,"column":null}},"6":{"start":{"line":14,"column":17},"end":{"line":14,"column":null}},"7":{"start":{"line":15,"column":4},"end":{"line":21,"column":null}},"8":{"start":{"line":16,"column":18},"end":{"line":16,"column":null}},"9":{"start":{"line":17,"column":6},"end":{"line":17,"column":null}},"10":{"start":{"line":18,"column":6},"end":{"line":20,"column":null}},"11":{"start":{"line":19,"column":8},"end":{"line":19,"column":null}},"12":{"start":{"line":24,"column":25},"end":{"line":33,"column":null}},"13":{"start":{"line":25,"column":4},"end":{"line":32,"column":null}},"14":{"start":{"line":26,"column":6},"end":{"line":26,"column":null}},"15":{"start":{"line":27,"column":6},"end":{"line":27,"column":null}},"16":{"start":{"line":28,"column":6},"end":{"line":28,"column":null}},"17":{"start":{"line":29,"column":6},"end":{"line":31,"column":null}},"18":{"start":{"line":30,"column":8},"end":{"line":30,"column":null}},"19":{"start":{"line":35,"column":28},"end":{"line":37,"column":null}},"20":{"start":{"line":36,"column":4},"end":{"line":36,"column":null}},"21":{"start":{"line":39,"column":2},"end":{"line":171,"column":null}},"22":{"start":{"line":43,"column":23},"end":{"line":43,"column":null}},"23":{"start":{"line":57,"column":31},"end":{"line":57,"column":null}},"24":{"start":{"line":74,"column":37},"end":{"line":74,"column":null}},"25":{"start":{"line":102,"column":26},"end":{"line":102,"column":null}},"26":{"start":{"line":103,"column":26},"end":{"line":105,"column":null}},"27":{"start":{"line":104,"column":28},"end":{"line":104,"column":null}},"28":{"start":{"line":114,"column":37},"end":{"line":114,"column":null}},"29":{"start":{"line":147,"column":20},"end":{"line":163,"column":null}},"30":{"start":{"line":158,"column":39},"end":{"line":158,"column":null}}},"fnMap":{"0":{"name":"AssetManager","decl":{"start":{"line":5,"column":16},"end":{"line":5,"column":31}},"loc":{"start":{"line":5,"column":31},"end":{"line":173,"column":null}},"line":5},"1":{"name":"(anonymous_1)","decl":{"start":{"line":13,"column":27},"end":{"line":13,"column":28}},"loc":{"start":{"line":13,"column":71},"end":{"line":22,"column":null}},"line":13},"2":{"name":"(anonymous_2)","decl":{"start":{"line":24,"column":25},"end":{"line":24,"column":31}},"loc":{"start":{"line":24,"column":31},"end":{"line":33,"column":null}},"line":24},"3":{"name":"(anonymous_3)","decl":{"start":{"line":35,"column":28},"end":{"line":35,"column":29}},"loc":{"start":{"line":35,"column":51},"end":{"line":37,"column":null}},"line":35},"4":{"name":"(anonymous_4)","decl":{"start":{"line":43,"column":17},"end":{"line":43,"column":23}},"loc":{"start":{"line":43,"column":23},"end":{"line":43,"column":null}},"line":43},"5":{"name":"(anonymous_5)","decl":{"start":{"line":57,"column":25},"end":{"line":57,"column":31}},"loc":{"start":{"line":57,"column":31},"end":{"line":57,"column":null}},"line":57},"6":{"name":"(anonymous_6)","decl":{"start":{"line":74,"column":30},"end":{"line":74,"column":31}},"loc":{"start":{"line":74,"column":37},"end":{"line":74,"column":null}},"line":74},"7":{"name":"(anonymous_7)","decl":{"start":{"line":101,"column":33},"end":{"line":101,"column":39}},"loc":{"start":{"line":101,"column":39},"end":{"line":106,"column":null}},"line":101},"8":{"name":"(anonymous_8)","decl":{"start":{"line":114,"column":31},"end":{"line":114,"column":37}},"loc":{"start":{"line":114,"column":37},"end":{"line":114,"column":null}},"line":114},"9":{"name":"(anonymous_9)","decl":{"start":{"line":146,"column":45},"end":{"line":146,"column":46}},"loc":{"start":{"line":147,"column":20},"end":{"line":163,"column":null}},"line":147},"10":{"name":"(anonymous_10)","decl":{"start":{"line":158,"column":33},"end":{"line":158,"column":39}},"loc":{"start":{"line":158,"column":39},"end":{"line":158,"column":null}},"line":158}},"branchMap":{"0":{"loc":{"start":{"line":15,"column":4},"end":{"line":21,"column":null}},"type":"if","locations":[{"start":{"line":15,"column":4},"end":{"line":21,"column":null}},{"start":{},"end":{}}],"line":15},"1":{"loc":{"start":{"line":18,"column":6},"end":{"line":20,"column":null}},"type":"if","locations":[{"start":{"line":18,"column":6},"end":{"line":20,"column":null}},{"start":{},"end":{}}],"line":18},"2":{"loc":{"start":{"line":25,"column":4},"end":{"line":32,"column":null}},"type":"if","locations":[{"start":{"line":25,"column":4},"end":{"line":32,"column":null}},{"start":{},"end":{}}],"line":25},"3":{"loc":{"start":{"line":25,"column":8},"end":{"line":25,"column":35}},"type":"binary-expr","locations":[{"start":{"line":25,"column":8},"end":{"line":25,"column":23}},{"start":{"line":25,"column":23},"end":{"line":25,"column":35}}],"line":25},"4":{"loc":{"start":{"line":29,"column":6},"end":{"line":31,"column":null}},"type":"if","locations":[{"start":{"line":29,"column":6},"end":{"line":31,"column":null}},{"start":{},"end":{}}],"line":29},"5":{"loc":{"start":{"line":51,"column":7},"end":{"line":169,"column":null}},"type":"binary-expr","locations":[{"start":{"line":51,"column":7},"end":{"line":51,"column":null}},{"start":{"line":52,"column":8},"end":{"line":169,"column":null}}],"line":51},"6":{"loc":{"start":{"line":93,"column":19},"end":{"line":119,"column":null}},"type":"cond-expr","locations":[{"start":{"line":94,"column":20},"end":{"line":111,"column":null}},{"start":{"line":113,"column":20},"end":{"line":119,"column":null}}],"line":93},"7":{"loc":{"start":{"line":103,"column":26},"end":{"line":105,"column":null}},"type":"if","locations":[{"start":{"line":103,"column":26},"end":{"line":105,"column":null}},{"start":{},"end":{}}],"line":103},"8":{"loc":{"start":{"line":125,"column":28},"end":{"line":125,"column":null}},"type":"binary-expr","locations":[{"start":{"line":125,"column":28},"end":{"line":125,"column":44}},{"start":{"line":125,"column":44},"end":{"line":125,"column":null}}],"line":125},"9":{"loc":{"start":{"line":139,"column":15},"end":{"line":165,"column":null}},"type":"cond-expr","locations":[{"start":{"line":140,"column":16},"end":{"line":143,"column":null}},{"start":{"line":145,"column":16},"end":{"line":165,"column":null}}],"line":139}},"s":{"0":18,"1":18,"2":18,"3":18,"4":18,"5":18,"6":1,"7":1,"8":1,"9":1,"10":1,"11":0,"12":18,"13":1,"14":1,"15":1,"16":1,"17":1,"18":1,"19":18,"20":1,"21":18,"22":2,"23":0,"24":10,"25":0,"26":0,"27":0,"28":0,"29":1,"30":1},"f":{"0":18,"1":1,"2":1,"3":1,"4":2,"5":0,"6":10,"7":0,"8":0,"9":1,"10":1},"b":{"0":[1,0],"1":[0,1],"2":[1,0],"3":[1,1],"4":[1,0],"5":[18,15],"6":[1,14],"7":[0,0],"8":[15,11],"9":[14,1]},"meta":{"lastBranch":10,"lastFunction":11,"lastStatement":31,"seen":{"f:5:16:5:31":0,"s:6:26:6:Infinity":0,"s:7:22:7:Infinity":1,"s:8:34:8:Infinity":2,"s:9:8:9:Infinity":3,"s:11:40:11:Infinity":4,"s:13:27:22:Infinity":5,"f:13:27:13:28":1,"s:14:17:14:Infinity":6,"b:15:4:21:Infinity:undefined:undefined:undefined:undefined":0,"s:15:4:21:Infinity":7,"s:16:18:16:Infinity":8,"s:17:6:17:Infinity":9,"b:18:6:20:Infinity:undefined:undefined:undefined:undefined":1,"s:18:6:20:Infinity":10,"s:19:8:19:Infinity":11,"s:24:25:33:Infinity":12,"f:24:25:24:31":2,"b:25:4:32:Infinity:undefined:undefined:undefined:undefined":2,"s:25:4:32:Infinity":13,"b:25:8:25:23:25:23:25:35":3,"s:26:6:26:Infinity":14,"s:27:6:27:Infinity":15,"s:28:6:28:Infinity":16,"b:29:6:31:Infinity:undefined:undefined:undefined:undefined":4,"s:29:6:31:Infinity":17,"s:30:8:30:Infinity":18,"s:35:28:37:Infinity":19,"f:35:28:35:29":3,"s:36:4:36:Infinity":20,"s:39:2:171:Infinity":21,"f:43:17:43:23":4,"s:43:23:43:Infinity":22,"b:51:7:51:Infinity:52:8:169:Infinity":5,"f:57:25:57:31":5,"s:57:31:57:Infinity":23,"f:74:30:74:31":6,"s:74:37:74:Infinity":24,"b:94:20:111:Infinity:113:20:119:Infinity":6,"f:101:33:101:39":7,"s:102:26:102:Infinity":25,"b:103:26:105:Infinity:undefined:undefined:undefined:undefined":7,"s:103:26:105:Infinity":26,"s:104:28:104:Infinity":27,"f:114:31:114:37":8,"s:114:37:114:Infinity":28,"b:125:28:125:44:125:44:125:Infinity":8,"b:140:16:143:Infinity:145:16:165:Infinity":9,"f:146:45:146:46":9,"s:147:20:163:Infinity":29,"f:158:33:158:39":10,"s:158:39:158:Infinity":30}}}
,"/Users/hejinyang/vibeditor/src/components/Settings.tsx": {"path":"/Users/hejinyang/vibeditor/src/components/Settings.tsx","statementMap":{"0":{"start":{"line":17,"column":77},"end":{"line":21,"column":null}},"1":{"start":{"line":24,"column":26},"end":{"line":24,"column":null}},"2":{"start":{"line":25,"column":30},"end":{"line":25,"column":null}},"3":{"start":{"line":26,"column":26},"end":{"line":26,"column":null}},"4":{"start":{"line":27,"column":26},"end":{"line":27,"column":null}},"5":{"start":{"line":28,"column":34},"end":{"line":28,"column":null}},"6":{"start":{"line":29,"column":34},"end":{"line":29,"column":null}},"7":{"start":{"line":31,"column":53},"end":{"line":31,"column":null}},"8":{"start":{"line":34,"column":2},"end":{"line":41,"column":null}},"9":{"start":{"line":35,"column":4},"end":{"line":40,"column":null}},"10":{"start":{"line":36,"column":6},"end":{"line":36,"column":null}},"11":{"start":{"line":37,"column":6},"end":{"line":37,"column":null}},"12":{"start":{"line":38,"column":6},"end":{"line":38,"column":null}},"13":{"start":{"line":39,"column":6},"end":{"line":39,"column":null}},"14":{"start":{"line":43,"column":21},"end":{"line":51,"column":null}},"15":{"start":{"line":44,"column":4},"end":{"line":48,"column":null}},"16":{"start":{"line":49,"column":4},"end":{"line":49,"column":null}},"17":{"start":{"line":50,"column":4},"end":{"line":50,"column":null}},"18":{"start":{"line":50,"column":21},"end":{"line":50,"column":44}},"19":{"start":{"line":53,"column":22},"end":{"line":56,"column":null}},"20":{"start":{"line":54,"column":4},"end":{"line":54,"column":null}},"21":{"start":{"line":55,"column":4},"end":{"line":55,"column":null}},"22":{"start":{"line":58,"column":2},"end":{"line":217,"column":null}},"23":{"start":{"line":62,"column":23},"end":{"line":62,"column":null}},"24":{"start":{"line":109,"column":20},"end":{"line":120,"column":null}},"25":{"start":{"line":111,"column":37},"end":{"line":111,"column":null}},"26":{"start":{"line":138,"column":37},"end":{"line":138,"column":null}},"27":{"start":{"line":139,"column":63},"end":{"line":139,"column":83}},"28":{"start":{"line":143,"column":35},"end":{"line":143,"column":null}},"29":{"start":{"line":169,"column":35},"end":{"line":169,"column":null}}},"fnMap":{"0":{"name":"Settings","decl":{"start":{"line":23,"column":16},"end":{"line":23,"column":27}},"loc":{"start":{"line":23,"column":27},"end":{"line":219,"column":null}},"line":23},"1":{"name":"(anonymous_1)","decl":{"start":{"line":34,"column":12},"end":{"line":34,"column":18}},"loc":{"start":{"line":34,"column":18},"end":{"line":41,"column":5}},"line":34},"2":{"name":"(anonymous_2)","decl":{"start":{"line":43,"column":21},"end":{"line":43,"column":27}},"loc":{"start":{"line":43,"column":27},"end":{"line":51,"column":null}},"line":43},"3":{"name":"(anonymous_3)","decl":{"start":{"line":50,"column":15},"end":{"line":50,"column":21}},"loc":{"start":{"line":50,"column":21},"end":{"line":50,"column":44}},"line":50},"4":{"name":"(anonymous_4)","decl":{"start":{"line":53,"column":22},"end":{"line":53,"column":28}},"loc":{"start":{"line":53,"column":28},"end":{"line":56,"column":null}},"line":53},"5":{"name":"(anonymous_5)","decl":{"start":{"line":62,"column":17},"end":{"line":62,"column":23}},"loc":{"start":{"line":62,"column":23},"end":{"line":62,"column":null}},"line":62},"6":{"name":"(anonymous_6)","decl":{"start":{"line":108,"column":37},"end":{"line":108,"column":38}},"loc":{"start":{"line":109,"column":20},"end":{"line":120,"column":null}},"line":109},"7":{"name":"(anonymous_7)","decl":{"start":{"line":111,"column":31},"end":{"line":111,"column":37}},"loc":{"start":{"line":111,"column":37},"end":{"line":111,"column":null}},"line":111},"8":{"name":"(anonymous_8)","decl":{"start":{"line":138,"column":30},"end":{"line":138,"column":31}},"loc":{"start":{"line":138,"column":37},"end":{"line":138,"column":null}},"line":138},"9":{"name":"(anonymous_9)","decl":{"start":{"line":139,"column":58},"end":{"line":139,"column":63}},"loc":{"start":{"line":139,"column":63},"end":{"line":139,"column":83}},"line":139},"10":{"name":"(anonymous_10)","decl":{"start":{"line":143,"column":29},"end":{"line":143,"column":35}},"loc":{"start":{"line":143,"column":35},"end":{"line":143,"column":null}},"line":143},"11":{"name":"(anonymous_11)","decl":{"start":{"line":169,"column":28},"end":{"line":169,"column":29}},"loc":{"start":{"line":169,"column":35},"end":{"line":169,"column":null}},"line":169}},"branchMap":{"0":{"loc":{"start":{"line":35,"column":4},"end":{"line":40,"column":null}},"type":"if","locations":[{"start":{"line":35,"column":4},"end":{"line":40,"column":null}},{"start":{},"end":{}}],"line":35},"1":{"loc":{"start":{"line":36,"column":18},"end":{"line":36,"column":51}},"type":"binary-expr","locations":[{"start":{"line":36,"column":18},"end":{"line":36,"column":40}},{"start":{"line":36,"column":40},"end":{"line":36,"column":51}}],"line":36},"2":{"loc":{"start":{"line":37,"column":16},"end":{"line":37,"column":38}},"type":"binary-expr","locations":[{"start":{"line":37,"column":16},"end":{"line":37,"column":36}},{"start":{"line":37,"column":36},"end":{"line":37,"column":38}}],"line":37},"3":{"loc":{"start":{"line":38,"column":16},"end":{"line":38,"column":38}},"type":"binary-expr","locations":[{"start":{"line":38,"column":16},"end":{"line":38,"column":36}},{"start":{"line":38,"column":36},"end":{"line":38,"column":38}}],"line":38},"4":{"loc":{"start":{"line":64,"column":10},"end":{"line":66,"column":null}},"type":"cond-expr","locations":[{"start":{"line":65,"column":14},"end":{"line":65,"column":null}},{"start":{"line":66,"column":14},"end":{"line":66,"column":null}}],"line":64},"5":{"loc":{"start":{"line":71,"column":9},"end":{"line":71,"column":null}},"type":"binary-expr","locations":[{"start":{"line":71,"column":9},"end":{"line":71,"column":29}},{"start":{"line":71,"column":29},"end":{"line":71,"column":null}}],"line":71},"6":{"loc":{"start":{"line":75,"column":7},"end":{"line":215,"column":null}},"type":"binary-expr","locations":[{"start":{"line":75,"column":7},"end":{"line":75,"column":null}},{"start":{"line":76,"column":8},"end":{"line":215,"column":null}}],"line":75},"7":{"loc":{"start":{"line":113,"column":24},"end":{"line":115,"column":null}},"type":"cond-expr","locations":[{"start":{"line":114,"column":28},"end":{"line":114,"column":null}},{"start":{"line":115,"column":28},"end":{"line":115,"column":null}}],"line":113},"8":{"loc":{"start":{"line":130,"column":19},"end":{"line":131,"column":null}},"type":"binary-expr","locations":[{"start":{"line":130,"column":19},"end":{"line":130,"column":null}},{"start":{"line":131,"column":20},"end":{"line":131,"column":null}}],"line":130},"9":{"loc":{"start":{"line":136,"column":26},"end":{"line":136,"column":null}},"type":"cond-expr","locations":[{"start":{"line":136,"column":39},"end":{"line":136,"column":48}},{"start":{"line":136,"column":48},"end":{"line":136,"column":null}}],"line":136},"10":{"loc":{"start":{"line":146,"column":21},"end":{"line":149,"column":null}},"type":"cond-expr","locations":[{"start":{"line":147,"column":22},"end":{"line":147,"column":null}},{"start":{"line":149,"column":22},"end":{"line":149,"column":null}}],"line":146},"11":{"loc":{"start":{"line":154,"column":19},"end":{"line":156,"column":null}},"type":"cond-expr","locations":[{"start":{"line":155,"column":22},"end":{"line":155,"column":null}},{"start":{"line":156,"column":22},"end":{"line":156,"column":null}}],"line":154},"12":{"loc":{"start":{"line":170,"column":31},"end":{"line":172,"column":null}},"type":"cond-expr","locations":[{"start":{"line":171,"column":22},"end":{"line":171,"column":null}},{"start":{"line":172,"column":22},"end":{"line":172,"column":null}}],"line":170},"13":{"loc":{"start":{"line":177,"column":19},"end":{"line":179,"column":null}},"type":"cond-expr","locations":[{"start":{"line":178,"column":22},"end":{"line":178,"column":null}},{"start":{"line":179,"column":22},"end":{"line":179,"column":null}}],"line":177},"14":{"loc":{"start":{"line":187,"column":18},"end":{"line":189,"column":null}},"type":"cond-expr","locations":[{"start":{"line":188,"column":22},"end":{"line":188,"column":null}},{"start":{"line":189,"column":22},"end":{"line":189,"column":null}}],"line":187},"15":{"loc":{"start":{"line":192,"column":17},"end":{"line":201,"column":null}},"type":"cond-expr","locations":[{"start":{"line":193,"column":18},"end":{"line":196,"column":null}},{"start":{"line":198,"column":18},"end":{"line":201,"column":null}}],"line":192}},"s":{"0":1,"1":31,"2":31,"3":31,"4":31,"5":31,"6":31,"7":31,"8":31,"9":8,"10":4,"11":4,"12":4,"13":4,"14":31,"15":1,"16":1,"17":1,"18":1,"19":31,"20":0,"21":0,"22":31,"23":4,"24":81,"25":1,"26":14,"27":29,"28":2,"29":0},"f":{"0":31,"1":8,"2":1,"3":1,"4":0,"5":4,"6":81,"7":1,"8":14,"9":29,"10":2,"11":0},"b":{"0":[4,4],"1":[4,0],"2":[4,4],"3":[4,4],"4":[0,31],"5":[31,0],"6":[31,27],"7":[27,54],"8":[27,0],"9":[1,26],"10":[1,26],"11":[26,1],"12":[26,1],"13":[26,1],"14":[1,26],"15":[1,26]},"meta":{"lastBranch":16,"lastFunction":12,"lastStatement":30,"seen":{"s:17:77:21:Infinity":0,"f:23:16:23:27":0,"s:24:26:24:Infinity":1,"s:25:30:25:Infinity":2,"s:26:26:26:Infinity":3,"s:27:26:27:Infinity":4,"s:28:34:28:Infinity":5,"s:29:34:29:Infinity":6,"s:31:53:31:Infinity":7,"s:34:2:41:Infinity":8,"f:34:12:34:18":1,"b:35:4:40:Infinity:undefined:undefined:undefined:undefined":0,"s:35:4:40:Infinity":9,"s:36:6:36:Infinity":10,"b:36:18:36:40:36:40:36:51":1,"s:37:6:37:Infinity":11,"b:37:16:37:36:37:36:37:38":2,"s:38:6:38:Infinity":12,"b:38:16:38:36:38:36:38:38":3,"s:39:6:39:Infinity":13,"s:43:21:51:Infinity":14,"f:43:21:43:27":2,"s:44:4:48:Infinity":15,"s:49:4:49:Infinity":16,"s:50:4:50:Infinity":17,"f:50:15:50:21":3,"s:50:21:50:44":18,"s:53:22:56:Infinity":19,"f:53:22:53:28":4,"s:54:4:54:Infinity":20,"s:55:4:55:Infinity":21,"s:58:2:217:Infinity":22,"f:62:17:62:23":5,"s:62:23:62:Infinity":23,"b:65:14:65:Infinity:66:14:66:Infinity":4,"b:71:9:71:29:71:29:71:Infinity":5,"b:75:7:75:Infinity:76:8:215:Infinity":6,"f:108:37:108:38":6,"s:109:20:120:Infinity":24,"f:111:31:111:37":7,"s:111:37:111:Infinity":25,"b:114:28:114:Infinity:115:28:115:Infinity":7,"b:130:19:130:Infinity:131:20:131:Infinity":8,"b:136:39:136:48:136:48:136:Infinity":9,"f:138:30:138:31":8,"s:138:37:138:Infinity":26,"f:139:58:139:63":9,"s:139:63:139:83":27,"f:143:29:143:35":10,"s:143:35:143:Infinity":28,"b:147:22:147:Infinity:149:22:149:Infinity":10,"b:155:22:155:Infinity:156:22:156:Infinity":11,"f:169:28:169:29":11,"s:169:35:169:Infinity":29,"b:171:22:171:Infinity:172:22:172:Infinity":12,"b:178:22:178:Infinity:179:22:179:Infinity":13,"b:188:22:188:Infinity:189:22:189:Infinity":14,"b:193:18:196:Infinity:198:18:201:Infinity":15}}}
,"/Users/hejinyang/vibeditor/src/components/ShotCard.tsx": {"path":"/Users/hejinyang/vibeditor/src/components/ShotCard.tsx","statementMap":{"0":{"start":{"line":26,"column":34},"end":{"line":26,"column":null}},"1":{"start":{"line":27,"column":30},"end":{"line":27,"column":null}},"2":{"start":{"line":37,"column":2},"end":{"line":37,"column":null}},"3":{"start":{"line":39,"column":17},"end":{"line":39,"column":null}},"4":{"start":{"line":40,"column":20},"end":{"line":40,"column":null}},"5":{"start":{"line":42,"column":25},"end":{"line":44,"column":null}},"6":{"start":{"line":43,"column":4},"end":{"line":43,"column":null}},"7":{"start":{"line":46,"column":23},"end":{"line":50,"column":null}},"8":{"start":{"line":47,"column":4},"end":{"line":49,"column":null}},"9":{"start":{"line":48,"column":6},"end":{"line":48,"column":null}},"10":{"start":{"line":52,"column":28},"end":{"line":56,"column":null}},"11":{"start":{"line":53,"column":4},"end":{"line":53,"column":null}},"12":{"start":{"line":54,"column":4},"end":{"line":54,"column":null}},"13":{"start":{"line":55,"column":4},"end":{"line":55,"column":null}},"14":{"start":{"line":59,"column":39},"end":{"line":84,"column":null}},"15":{"start":{"line":60,"column":18},"end":{"line":60,"column":null}},"16":{"start":{"line":61,"column":4},"end":{"line":83,"column":null}},"17":{"start":{"line":62,"column":25},"end":{"line":62,"column":null}},"18":{"start":{"line":63,"column":24},"end":{"line":65,"column":null}},"19":{"start":{"line":66,"column":23},"end":{"line":66,"column":null}},"20":{"start":{"line":68,"column":6},"end":{"line":81,"column":null}},"21":{"start":{"line":69,"column":8},"end":{"line":79,"column":null}},"22":{"start":{"line":82,"column":6},"end":{"line":82,"column":null}},"23":{"start":{"line":86,"column":2},"end":{"line":254,"column":null}},"24":{"start":{"line":106,"column":27},"end":{"line":106,"column":null}},"25":{"start":{"line":116,"column":18},"end":{"line":116,"column":null}},"26":{"start":{"line":117,"column":18},"end":{"line":117,"column":null}},"27":{"start":{"line":126,"column":18},"end":{"line":126,"column":null}},"28":{"start":{"line":127,"column":18},"end":{"line":127,"column":null}},"29":{"start":{"line":151,"column":12},"end":{"line":160,"column":null}},"30":{"start":{"line":209,"column":29},"end":{"line":209,"column":null}},"31":{"start":{"line":224,"column":18},"end":{"line":236,"column":null}},"32":{"start":{"line":226,"column":35},"end":{"line":226,"column":null}},"33":{"start":{"line":249,"column":12},"end":{"line":249,"column":null}},"34":{"start":{"line":250,"column":12},"end":{"line":250,"column":null}}},"fnMap":{"0":{"name":"ShotCard","decl":{"start":{"line":25,"column":16},"end":{"line":25,"column":25}},"loc":{"start":{"line":25,"column":80},"end":{"line":256,"column":null}},"line":25},"1":{"name":"(anonymous_1)","decl":{"start":{"line":42,"column":25},"end":{"line":42,"column":37}},"loc":{"start":{"line":42,"column":37},"end":{"line":44,"column":null}},"line":42},"2":{"name":"(anonymous_2)","decl":{"start":{"line":46,"column":23},"end":{"line":46,"column":29}},"loc":{"start":{"line":46,"column":29},"end":{"line":50,"column":null}},"line":46},"3":{"name":"(anonymous_3)","decl":{"start":{"line":52,"column":28},"end":{"line":52,"column":29}},"loc":{"start":{"line":52,"column":49},"end":{"line":56,"column":null}},"line":52},"4":{"name":"(anonymous_4)","decl":{"start":{"line":59,"column":39},"end":{"line":59,"column":45}},"loc":{"start":{"line":59,"column":45},"end":{"line":84,"column":null}},"line":59},"5":{"name":"(anonymous_5)","decl":{"start":{"line":61,"column":21},"end":{"line":61,"column":22}},"loc":{"start":{"line":61,"column":36},"end":{"line":83,"column":5}},"line":61},"6":{"name":"(anonymous_6)","decl":{"start":{"line":106,"column":21},"end":{"line":106,"column":27}},"loc":{"start":{"line":106,"column":27},"end":{"line":106,"column":null}},"line":106},"7":{"name":"(anonymous_7)","decl":{"start":{"line":115,"column":25},"end":{"line":115,"column":31}},"loc":{"start":{"line":115,"column":31},"end":{"line":118,"column":null}},"line":115},"8":{"name":"(anonymous_8)","decl":{"start":{"line":125,"column":25},"end":{"line":125,"column":31}},"loc":{"start":{"line":125,"column":31},"end":{"line":128,"column":null}},"line":125},"9":{"name":"(anonymous_9)","decl":{"start":{"line":150,"column":30},"end":{"line":150,"column":31}},"loc":{"start":{"line":151,"column":12},"end":{"line":160,"column":null}},"line":151},"10":{"name":"(anonymous_10)","decl":{"start":{"line":209,"column":23},"end":{"line":209,"column":29}},"loc":{"start":{"line":209,"column":29},"end":{"line":209,"column":null}},"line":209},"11":{"name":"(anonymous_11)","decl":{"start":{"line":223,"column":33},"end":{"line":223,"column":34}},"loc":{"start":{"line":224,"column":18},"end":{"line":236,"column":null}},"line":224},"12":{"name":"(anonymous_12)","decl":{"start":{"line":226,"column":29},"end":{"line":226,"column":35}},"loc":{"start":{"line":226,"column":35},"end":{"line":226,"column":null}},"line":226},"13":{"name":"(anonymous_13)","decl":{"start":{"line":248,"column":19},"end":{"line":248,"column":25}},"loc":{"start":{"line":248,"column":25},"end":{"line":251,"column":null}},"line":248}},"branchMap":{"0":{"loc":{"start":{"line":39,"column":17},"end":{"line":39,"column":null}},"type":"binary-expr","locations":[{"start":{"line":39,"column":17},"end":{"line":39,"column":46}},{"start":{"line":39,"column":46},"end":{"line":39,"column":null}}],"line":39},"1":{"loc":{"start":{"line":47,"column":4},"end":{"line":49,"column":null}},"type":"if","locations":[{"start":{"line":47,"column":4},"end":{"line":49,"column":null}},{"start":{},"end":{}}],"line":47},"2":{"loc":{"start":{"line":62,"column":25},"end":{"line":62,"column":null}},"type":"binary-expr","locations":[{"start":{"line":62,"column":25},"end":{"line":62,"column":50}},{"start":{"line":62,"column":50},"end":{"line":62,"column":74}},{"start":{"line":62,"column":74},"end":{"line":62,"column":null}}],"line":62},"3":{"loc":{"start":{"line":63,"column":24},"end":{"line":65,"column":null}},"type":"cond-expr","locations":[{"start":{"line":64,"column":10},"end":{"line":64,"column":null}},{"start":{"line":65,"column":10},"end":{"line":65,"column":null}}],"line":63},"4":{"loc":{"start":{"line":64,"column":10},"end":{"line":64,"column":null}},"type":"cond-expr","locations":[{"start":{"line":64,"column":33},"end":{"line":64,"column":49}},{"start":{"line":64,"column":49},"end":{"line":64,"column":null}}],"line":64},"5":{"loc":{"start":{"line":68,"column":6},"end":{"line":81,"column":null}},"type":"if","locations":[{"start":{"line":68,"column":6},"end":{"line":81,"column":null}},{"start":{},"end":{}}],"line":68},"6":{"loc":{"start":{"line":73,"column":14},"end":{"line":75,"column":null}},"type":"cond-expr","locations":[{"start":{"line":74,"column":18},"end":{"line":74,"column":null}},{"start":{"line":75,"column":18},"end":{"line":75,"column":null}}],"line":73},"7":{"loc":{"start":{"line":89,"column":8},"end":{"line":91,"column":null}},"type":"cond-expr","locations":[{"start":{"line":90,"column":12},"end":{"line":90,"column":null}},{"start":{"line":91,"column":12},"end":{"line":91,"column":null}}],"line":89},"8":{"loc":{"start":{"line":112,"column":11},"end":{"line":134,"column":null}},"type":"binary-expr","locations":[{"start":{"line":112,"column":11},"end":{"line":112,"column":null}},{"start":{"line":113,"column":12},"end":{"line":134,"column":null}}],"line":112},"9":{"loc":{"start":{"line":148,"column":7},"end":{"line":162,"column":null}},"type":"binary-expr","locations":[{"start":{"line":148,"column":7},"end":{"line":148,"column":null}},{"start":{"line":149,"column":8},"end":{"line":162,"column":null}}],"line":148},"10":{"loc":{"start":{"line":154,"column":16},"end":{"line":156,"column":null}},"type":"cond-expr","locations":[{"start":{"line":155,"column":20},"end":{"line":155,"column":null}},{"start":{"line":156,"column":20},"end":{"line":156,"column":null}}],"line":154},"11":{"loc":{"start":{"line":172,"column":12},"end":{"line":178,"column":null}},"type":"cond-expr","locations":[{"start":{"line":173,"column":16},"end":{"line":173,"column":null}},{"start":{"line":174,"column":16},"end":{"line":178,"column":null}}],"line":172},"12":{"loc":{"start":{"line":174,"column":16},"end":{"line":178,"column":null}},"type":"cond-expr","locations":[{"start":{"line":175,"column":16},"end":{"line":175,"column":null}},{"start":{"line":176,"column":16},"end":{"line":178,"column":null}}],"line":174},"13":{"loc":{"start":{"line":176,"column":16},"end":{"line":178,"column":null}},"type":"cond-expr","locations":[{"start":{"line":177,"column":16},"end":{"line":177,"column":null}},{"start":{"line":178,"column":16},"end":{"line":178,"column":null}}],"line":176},"14":{"loc":{"start":{"line":180,"column":17},"end":{"line":180,"column":null}},"type":"cond-expr","locations":[{"start":{"line":180,"column":36},"end":{"line":180,"column":60}},{"start":{"line":180,"column":60},"end":{"line":180,"column":null}}],"line":180},"15":{"loc":{"start":{"line":182,"column":11},"end":{"line":201,"column":null}},"type":"cond-expr","locations":[{"start":{"line":183,"column":12},"end":{"line":186,"column":null}},{"start":{"line":187,"column":14},"end":{"line":201,"column":null}}],"line":182},"16":{"loc":{"start":{"line":187,"column":14},"end":{"line":201,"column":null}},"type":"cond-expr","locations":[{"start":{"line":188,"column":12},"end":{"line":191,"column":null}},{"start":{"line":192,"column":14},"end":{"line":201,"column":null}}],"line":187},"17":{"loc":{"start":{"line":192,"column":14},"end":{"line":201,"column":null}},"type":"cond-expr","locations":[{"start":{"line":193,"column":12},"end":{"line":196,"column":null}},{"start":{"line":198,"column":12},"end":{"line":201,"column":null}}],"line":192},"18":{"loc":{"start":{"line":200,"column":15},"end":{"line":200,"column":null}},"type":"cond-expr","locations":[{"start":{"line":200,"column":34},"end":{"line":200,"column":47}},{"start":{"line":200,"column":47},"end":{"line":200,"column":null}}],"line":200},"19":{"loc":{"start":{"line":206,"column":9},"end":{"line":240,"column":null}},"type":"binary-expr","locations":[{"start":{"line":206,"column":9},"end":{"line":206,"column":null}},{"start":{"line":207,"column":10},"end":{"line":240,"column":null}}],"line":206},"20":{"loc":{"start":{"line":214,"column":72},"end":{"line":214,"column":102}},"type":"cond-expr","locations":[{"start":{"line":214,"column":85},"end":{"line":214,"column":100}},{"start":{"line":214,"column":100},"end":{"line":214,"column":102}}],"line":214},"21":{"loc":{"start":{"line":218,"column":13},"end":{"line":238,"column":null}},"type":"binary-expr","locations":[{"start":{"line":218,"column":13},"end":{"line":218,"column":null}},{"start":{"line":219,"column":14},"end":{"line":238,"column":null}}],"line":218},"22":{"loc":{"start":{"line":228,"column":22},"end":{"line":228,"column":null}},"type":"cond-expr","locations":[{"start":{"line":228,"column":53},"end":{"line":228,"column":86}},{"start":{"line":228,"column":86},"end":{"line":228,"column":null}}],"line":228},"23":{"loc":{"start":{"line":242,"column":6},"end":{"line":252,"column":null}},"type":"binary-expr","locations":[{"start":{"line":245,"column":8},"end":{"line":245,"column":20}},{"start":{"line":245,"column":20},"end":{"line":245,"column":null}},{"start":{"line":246,"column":8},"end":{"line":252,"column":null}}],"line":242}},"s":{"0":12,"1":12,"2":12,"3":12,"4":12,"5":12,"6":1,"7":12,"8":1,"9":1,"10":12,"11":1,"12":1,"13":1,"14":12,"15":12,"16":12,"17":36,"18":36,"19":36,"20":36,"21":12,"22":24,"23":12,"24":2,"25":1,"26":1,"27":1,"28":1,"29":12,"30":1,"31":1,"32":1,"33":0,"34":0},"f":{"0":12,"1":1,"2":1,"3":1,"4":12,"5":36,"6":2,"7":1,"8":1,"9":12,"10":1,"11":1,"12":1,"13":0},"b":{"0":[12,12],"1":[1,0],"2":[36,24,0],"3":[12,24],"4":[12,0],"5":[12,24],"6":[12,0],"7":[0,12],"8":[12,2],"9":[12,12],"10":[12,0],"11":[0,12],"12":[0,12],"13":[0,12],"14":[0,12],"15":[0,12],"16":[0,12],"17":[0,12],"18":[0,12],"19":[12,3],"20":[1,2],"21":[3,1],"22":[0,1],"23":[12,10,3]},"meta":{"lastBranch":24,"lastFunction":14,"lastStatement":35,"seen":{"f:25:16:25:25":0,"s:26:34:26:Infinity":0,"s:27:30:27:Infinity":1,"s:37:2:37:Infinity":2,"s:39:17:39:Infinity":3,"b:39:17:39:46:39:46:39:Infinity":0,"s:40:20:40:Infinity":4,"s:42:25:44:Infinity":5,"f:42:25:42:37":1,"s:43:4:43:Infinity":6,"s:46:23:50:Infinity":7,"f:46:23:46:29":2,"b:47:4:49:Infinity:undefined:undefined:undefined:undefined":1,"s:47:4:49:Infinity":8,"s:48:6:48:Infinity":9,"s:52:28:56:Infinity":10,"f:52:28:52:29":3,"s:53:4:53:Infinity":11,"s:54:4:54:Infinity":12,"s:55:4:55:Infinity":13,"s:59:39:84:Infinity":14,"f:59:39:59:45":4,"s:60:18:60:Infinity":15,"s:61:4:83:Infinity":16,"f:61:21:61:22":5,"s:62:25:62:Infinity":17,"b:62:25:62:50:62:50:62:74:62:74:62:Infinity":2,"s:63:24:65:Infinity":18,"b:64:10:64:Infinity:65:10:65:Infinity":3,"b:64:33:64:49:64:49:64:Infinity":4,"s:66:23:66:Infinity":19,"b:68:6:81:Infinity:undefined:undefined:undefined:undefined":5,"s:68:6:81:Infinity":20,"s:69:8:79:Infinity":21,"b:74:18:74:Infinity:75:18:75:Infinity":6,"s:82:6:82:Infinity":22,"s:86:2:254:Infinity":23,"b:90:12:90:Infinity:91:12:91:Infinity":7,"f:106:21:106:27":6,"s:106:27:106:Infinity":24,"b:112:11:112:Infinity:113:12:134:Infinity":8,"f:115:25:115:31":7,"s:116:18:116:Infinity":25,"s:117:18:117:Infinity":26,"f:125:25:125:31":8,"s:126:18:126:Infinity":27,"s:127:18:127:Infinity":28,"b:148:7:148:Infinity:149:8:162:Infinity":9,"f:150:30:150:31":9,"s:151:12:160:Infinity":29,"b:155:20:155:Infinity:156:20:156:Infinity":10,"b:173:16:173:Infinity:174:16:178:Infinity":11,"b:175:16:175:Infinity:176:16:178:Infinity":12,"b:177:16:177:Infinity:178:16:178:Infinity":13,"b:180:36:180:60:180:60:180:Infinity":14,"b:183:12:186:Infinity:187:14:201:Infinity":15,"b:188:12:191:Infinity:192:14:201:Infinity":16,"b:193:12:196:Infinity:198:12:201:Infinity":17,"b:200:34:200:47:200:47:200:Infinity":18,"b:206:9:206:Infinity:207:10:240:Infinity":19,"f:209:23:209:29":10,"s:209:29:209:Infinity":30,"b:214:85:214:100:214:100:214:102":20,"b:218:13:218:Infinity:219:14:238:Infinity":21,"f:223:33:223:34":11,"s:224:18:236:Infinity":31,"f:226:29:226:35":12,"s:226:35:226:Infinity":32,"b:228:53:228:86:228:86:228:Infinity":22,"b:245:8:245:20:245:20:245:Infinity:246:8:252:Infinity":23,"f:248:19:248:25":13,"s:249:12:249:Infinity":33,"s:250:12:250:Infinity":34}}}
,"/Users/hejinyang/vibeditor/src/components/ShotEditor.tsx": {"path":"/Users/hejinyang/vibeditor/src/components/ShotEditor.tsx","statementMap":{"0":{"start":{"line":11,"column":36},"end":{"line":11,"column":null}},"1":{"start":{"line":12,"column":30},"end":{"line":12,"column":null}},"2":{"start":{"line":14,"column":51},"end":{"line":14,"column":null}},"3":{"start":{"line":17,"column":2},"end":{"line":25,"column":null}},"4":{"start":{"line":18,"column":4},"end":{"line":24,"column":null}},"5":{"start":{"line":19,"column":19},"end":{"line":19,"column":null}},"6":{"start":{"line":20,"column":6},"end":{"line":23,"column":null}},"7":{"start":{"line":21,"column":8},"end":{"line":21,"column":null}},"8":{"start":{"line":22,"column":8},"end":{"line":22,"column":null}},"9":{"start":{"line":27,"column":23},"end":{"line":40,"column":null}},"10":{"start":{"line":28,"column":4},"end":{"line":28,"column":null}},"11":{"start":{"line":28,"column":29},"end":{"line":28,"column":null}},"12":{"start":{"line":30,"column":4},"end":{"line":34,"column":null}},"13":{"start":{"line":31,"column":6},"end":{"line":31,"column":null}},"14":{"start":{"line":33,"column":6},"end":{"line":33,"column":null}},"15":{"start":{"line":37,"column":4},"end":{"line":37,"column":null}},"16":{"start":{"line":38,"column":4},"end":{"line":38,"column":null}},"17":{"start":{"line":39,"column":4},"end":{"line":39,"column":null}},"18":{"start":{"line":43,"column":39},"end":{"line":71,"column":null}},"19":{"start":{"line":44,"column":4},"end":{"line":44,"column":null}},"20":{"start":{"line":44,"column":22},"end":{"line":44,"column":null}},"21":{"start":{"line":46,"column":18},"end":{"line":46,"column":null}},"22":{"start":{"line":47,"column":4},"end":{"line":70,"column":null}},"23":{"start":{"line":48,"column":25},"end":{"line":48,"column":null}},"24":{"start":{"line":49,"column":24},"end":{"line":51,"column":null}},"25":{"start":{"line":52,"column":23},"end":{"line":52,"column":null}},"26":{"start":{"line":54,"column":6},"end":{"line":68,"column":null}},"27":{"start":{"line":55,"column":8},"end":{"line":66,"column":null}},"28":{"start":{"line":69,"column":6},"end":{"line":69,"column":null}},"29":{"start":{"line":73,"column":2},"end":{"line":155,"column":null}},"30":{"start":{"line":88,"column":29},"end":{"line":88,"column":null}},"31":{"start":{"line":119,"column":31},"end":{"line":119,"column":null}},"32":{"start":{"line":127,"column":31},"end":{"line":127,"column":null}}},"fnMap":{"0":{"name":"ShotEditor","decl":{"start":{"line":10,"column":16},"end":{"line":10,"column":27}},"loc":{"start":{"line":10,"column":69},"end":{"line":157,"column":null}},"line":10},"1":{"name":"(anonymous_1)","decl":{"start":{"line":17,"column":12},"end":{"line":17,"column":18}},"loc":{"start":{"line":17,"column":18},"end":{"line":25,"column":5}},"line":17},"2":{"name":"(anonymous_2)","decl":{"start":{"line":27,"column":23},"end":{"line":27,"column":29}},"loc":{"start":{"line":27,"column":29},"end":{"line":40,"column":null}},"line":27},"3":{"name":"(anonymous_3)","decl":{"start":{"line":43,"column":39},"end":{"line":43,"column":45}},"loc":{"start":{"line":43,"column":45},"end":{"line":71,"column":null}},"line":43},"4":{"name":"(anonymous_4)","decl":{"start":{"line":47,"column":21},"end":{"line":47,"column":22}},"loc":{"start":{"line":47,"column":36},"end":{"line":70,"column":5}},"line":47},"5":{"name":"(anonymous_5)","decl":{"start":{"line":88,"column":22},"end":{"line":88,"column":23}},"loc":{"start":{"line":88,"column":29},"end":{"line":88,"column":null}},"line":88},"6":{"name":"(anonymous_6)","decl":{"start":{"line":119,"column":24},"end":{"line":119,"column":25}},"loc":{"start":{"line":119,"column":31},"end":{"line":119,"column":null}},"line":119},"7":{"name":"(anonymous_7)","decl":{"start":{"line":127,"column":24},"end":{"line":127,"column":25}},"loc":{"start":{"line":127,"column":31},"end":{"line":127,"column":null}},"line":127}},"branchMap":{"0":{"loc":{"start":{"line":18,"column":4},"end":{"line":24,"column":null}},"type":"if","locations":[{"start":{"line":18,"column":4},"end":{"line":24,"column":null}},{"start":{},"end":{}}],"line":18},"1":{"loc":{"start":{"line":20,"column":6},"end":{"line":23,"column":null}},"type":"if","locations":[{"start":{"line":20,"column":6},"end":{"line":23,"column":null}},{"start":{},"end":{}}],"line":20},"2":{"loc":{"start":{"line":28,"column":4},"end":{"line":28,"column":null}},"type":"if","locations":[{"start":{"line":28,"column":4},"end":{"line":28,"column":null}},{"start":{},"end":{}}],"line":28},"3":{"loc":{"start":{"line":30,"column":4},"end":{"line":34,"column":null}},"type":"if","locations":[{"start":{"line":30,"column":4},"end":{"line":34,"column":null}},{"start":{"line":32,"column":11},"end":{"line":34,"column":null}}],"line":30},"4":{"loc":{"start":{"line":44,"column":4},"end":{"line":44,"column":null}},"type":"if","locations":[{"start":{"line":44,"column":4},"end":{"line":44,"column":null}},{"start":{},"end":{}}],"line":44},"5":{"loc":{"start":{"line":48,"column":25},"end":{"line":48,"column":null}},"type":"binary-expr","locations":[{"start":{"line":48,"column":25},"end":{"line":48,"column":50}},{"start":{"line":48,"column":50},"end":{"line":48,"column":74}},{"start":{"line":48,"column":74},"end":{"line":48,"column":null}}],"line":48},"6":{"loc":{"start":{"line":49,"column":24},"end":{"line":51,"column":null}},"type":"cond-expr","locations":[{"start":{"line":50,"column":10},"end":{"line":50,"column":null}},{"start":{"line":51,"column":10},"end":{"line":51,"column":null}}],"line":49},"7":{"loc":{"start":{"line":50,"column":10},"end":{"line":50,"column":null}},"type":"cond-expr","locations":[{"start":{"line":50,"column":33},"end":{"line":50,"column":49}},{"start":{"line":50,"column":49},"end":{"line":50,"column":null}}],"line":50},"8":{"loc":{"start":{"line":54,"column":6},"end":{"line":68,"column":null}},"type":"if","locations":[{"start":{"line":54,"column":6},"end":{"line":68,"column":null}},{"start":{},"end":{}}],"line":54},"9":{"loc":{"start":{"line":59,"column":14},"end":{"line":61,"column":null}},"type":"cond-expr","locations":[{"start":{"line":60,"column":18},"end":{"line":60,"column":null}},{"start":{"line":61,"column":18},"end":{"line":61,"column":null}}],"line":59},"10":{"loc":{"start":{"line":63,"column":19},"end":{"line":63,"column":null}},"type":"cond-expr","locations":[{"start":{"line":63,"column":30},"end":{"line":63,"column":40}},{"start":{"line":63,"column":40},"end":{"line":63,"column":null}}],"line":63},"11":{"loc":{"start":{"line":76,"column":9},"end":{"line":76,"column":null}},"type":"cond-expr","locations":[{"start":{"line":76,"column":22},"end":{"line":76,"column":31}},{"start":{"line":76,"column":31},"end":{"line":76,"column":null}}],"line":76},"12":{"loc":{"start":{"line":95,"column":11},"end":{"line":99,"column":null}},"type":"binary-expr","locations":[{"start":{"line":95,"column":11},"end":{"line":95,"column":null}},{"start":{"line":96,"column":12},"end":{"line":99,"column":null}}],"line":95},"13":{"loc":{"start":{"line":142,"column":13},"end":{"line":142,"column":null}},"type":"cond-expr","locations":[{"start":{"line":142,"column":26},"end":{"line":142,"column":35}},{"start":{"line":142,"column":35},"end":{"line":142,"column":null}}],"line":142},"14":{"loc":{"start":{"line":145,"column":11},"end":{"line":151,"column":null}},"type":"binary-expr","locations":[{"start":{"line":145,"column":11},"end":{"line":145,"column":null}},{"start":{"line":146,"column":12},"end":{"line":151,"column":null}}],"line":145}},"s":{"0":90,"1":90,"2":90,"3":90,"4":6,"5":2,"6":2,"7":2,"8":2,"9":90,"10":2,"11":0,"12":2,"13":1,"14":1,"15":2,"16":2,"17":2,"18":90,"19":81,"20":0,"21":81,"22":81,"23":167,"24":167,"25":167,"26":167,"27":43,"28":124,"29":90,"30":78,"31":0,"32":2},"f":{"0":90,"1":6,"2":2,"3":81,"4":167,"5":78,"6":0,"7":2},"b":{"0":[2,4],"1":[2,0],"2":[0,2],"3":[1,1],"4":[0,81],"5":[167,124,0],"6":[43,124],"7":[43,0],"8":[43,124],"9":[19,24],"10":[19,24],"11":[25,65],"12":[90,81],"13":[25,65],"14":[90,90]},"meta":{"lastBranch":15,"lastFunction":8,"lastStatement":33,"seen":{"f:10:16:10:27":0,"s:11:36:11:Infinity":0,"s:12:30:12:Infinity":1,"s:14:51:14:Infinity":2,"s:17:2:25:Infinity":3,"f:17:12:17:18":1,"b:18:4:24:Infinity:undefined:undefined:undefined:undefined":0,"s:18:4:24:Infinity":4,"s:19:19:19:Infinity":5,"b:20:6:23:Infinity:undefined:undefined:undefined:undefined":1,"s:20:6:23:Infinity":6,"s:21:8:21:Infinity":7,"s:22:8:22:Infinity":8,"s:27:23:40:Infinity":9,"f:27:23:27:29":2,"b:28:4:28:Infinity:undefined:undefined:undefined:undefined":2,"s:28:4:28:Infinity":10,"s:28:29:28:Infinity":11,"b:30:4:34:Infinity:32:11:34:Infinity":3,"s:30:4:34:Infinity":12,"s:31:6:31:Infinity":13,"s:33:6:33:Infinity":14,"s:37:4:37:Infinity":15,"s:38:4:38:Infinity":16,"s:39:4:39:Infinity":17,"s:43:39:71:Infinity":18,"f:43:39:43:45":3,"b:44:4:44:Infinity:undefined:undefined:undefined:undefined":4,"s:44:4:44:Infinity":19,"s:44:22:44:Infinity":20,"s:46:18:46:Infinity":21,"s:47:4:70:Infinity":22,"f:47:21:47:22":4,"s:48:25:48:Infinity":23,"b:48:25:48:50:48:50:48:74:48:74:48:Infinity":5,"s:49:24:51:Infinity":24,"b:50:10:50:Infinity:51:10:51:Infinity":6,"b:50:33:50:49:50:49:50:Infinity":7,"s:52:23:52:Infinity":25,"b:54:6:68:Infinity:undefined:undefined:undefined:undefined":8,"s:54:6:68:Infinity":26,"s:55:8:66:Infinity":27,"b:60:18:60:Infinity:61:18:61:Infinity":9,"b:63:30:63:40:63:40:63:Infinity":10,"s:69:6:69:Infinity":28,"s:73:2:155:Infinity":29,"b:76:22:76:31:76:31:76:Infinity":11,"f:88:22:88:23":5,"s:88:29:88:Infinity":30,"b:95:11:95:Infinity:96:12:99:Infinity":12,"f:119:24:119:25":6,"s:119:31:119:Infinity":31,"f:127:24:127:25":7,"s:127:31:127:Infinity":32,"b:142:26:142:35:142:35:142:Infinity":13,"b:145:11:145:Infinity:146:12:151:Infinity":14}}}
,"/Users/hejinyang/vibeditor/src/services/bytedanceService.ts": {"path":"/Users/hejinyang/vibeditor/src/services/bytedanceService.ts","statementMap":{"0":{"start":{"line":5,"column":27},"end":{"line":13,"column":null}},"1":{"start":{"line":24,"column":17},"end":{"line":24,"column":null}},"2":{"start":{"line":25,"column":17},"end":{"line":25,"column":null}},"3":{"start":{"line":27,"column":2},"end":{"line":29,"column":null}},"4":{"start":{"line":28,"column":4},"end":{"line":28,"column":null}},"5":{"start":{"line":32,"column":19},"end":{"line":32,"column":null}},"6":{"start":{"line":33,"column":32},"end":{"line":33,"column":null}},"7":{"start":{"line":35,"column":2},"end":{"line":39,"column":null}},"8":{"start":{"line":36,"column":4},"end":{"line":38,"column":null}},"9":{"start":{"line":37,"column":6},"end":{"line":37,"column":null}},"10":{"start":{"line":41,"column":2},"end":{"line":43,"column":null}},"11":{"start":{"line":42,"column":4},"end":{"line":42,"column":null}},"12":{"start":{"line":46,"column":19},"end":{"line":64,"column":null}},"13":{"start":{"line":66,"column":2},"end":{"line":69,"column":null}},"14":{"start":{"line":67,"column":22},"end":{"line":67,"column":null}},"15":{"start":{"line":68,"column":4},"end":{"line":68,"column":null}},"16":{"start":{"line":71,"column":15},"end":{"line":71,"column":null}},"17":{"start":{"line":75,"column":2},"end":{"line":78,"column":null}},"18":{"start":{"line":88,"column":4},"end":{"line":92,"column":null}},"19":{"start":{"line":103,"column":4},"end":{"line":103,"column":null}},"20":{"start":{"line":104,"column":21},"end":{"line":104,"column":null}},"21":{"start":{"line":107,"column":4},"end":{"line":107,"column":null}},"22":{"start":{"line":108,"column":19},"end":{"line":108,"column":null}},"23":{"start":{"line":110,"column":4},"end":{"line":110,"column":null}},"24":{"start":{"line":111,"column":4},"end":{"line":111,"column":null}},"25":{"start":{"line":115,"column":19},"end":{"line":117,"column":null}},"26":{"start":{"line":126,"column":4},"end":{"line":126,"column":null}},"27":{"start":{"line":130,"column":19},"end":{"line":136,"column":null}},"28":{"start":{"line":160,"column":21},"end":{"line":160,"column":null}},"29":{"start":{"line":161,"column":4},"end":{"line":161,"column":null}},"30":{"start":{"line":165,"column":38},"end":{"line":165,"column":null}},"31":{"start":{"line":167,"column":4},"end":{"line":169,"column":null}},"32":{"start":{"line":168,"column":6},"end":{"line":168,"column":null}},"33":{"start":{"line":171,"column":21},"end":{"line":189,"column":null}},"34":{"start":{"line":191,"column":4},"end":{"line":194,"column":null}},"35":{"start":{"line":192,"column":20},"end":{"line":192,"column":null}},"36":{"start":{"line":193,"column":6},"end":{"line":193,"column":null}},"37":{"start":{"line":196,"column":17},"end":{"line":196,"column":null}},"38":{"start":{"line":197,"column":4},"end":{"line":197,"column":null}},"39":{"start":{"line":201,"column":4},"end":{"line":234,"column":null}},"40":{"start":{"line":203,"column":24},"end":{"line":205,"column":null}},"41":{"start":{"line":207,"column":20},"end":{"line":207,"column":null}},"42":{"start":{"line":208,"column":6},"end":{"line":212,"column":null}},"43":{"start":{"line":209,"column":8},"end":{"line":209,"column":null}},"44":{"start":{"line":211,"column":8},"end":{"line":211,"column":null}},"45":{"start":{"line":214,"column":6},"end":{"line":214,"column":null}},"46":{"start":{"line":215,"column":19},"end":{"line":215,"column":null}},"47":{"start":{"line":217,"column":6},"end":{"line":219,"column":null}},"48":{"start":{"line":218,"column":8},"end":{"line":218,"column":null}},"49":{"start":{"line":221,"column":25},"end":{"line":225,"column":null}},"50":{"start":{"line":221,"column":71},"end":{"line":225,"column":8}},"51":{"start":{"line":227,"column":6},"end":{"line":230,"column":null}},"52":{"start":{"line":232,"column":6},"end":{"line":232,"column":null}},"53":{"start":{"line":233,"column":6},"end":{"line":233,"column":null}},"54":{"start":{"line":238,"column":25},"end":{"line":238,"column":null}},"55":{"start":{"line":239,"column":18},"end":{"line":239,"column":null}},"56":{"start":{"line":240,"column":27},"end":{"line":240,"column":null}},"57":{"start":{"line":242,"column":4},"end":{"line":259,"column":null}},"58":{"start":{"line":243,"column":22},"end":{"line":243,"column":null}},"59":{"start":{"line":245,"column":6},"end":{"line":258,"column":null}},"60":{"start":{"line":246,"column":8},"end":{"line":248,"column":null}},"61":{"start":{"line":247,"column":10},"end":{"line":247,"column":null}},"62":{"start":{"line":249,"column":8},"end":{"line":253,"column":null}},"63":{"start":{"line":254,"column":6},"end":{"line":258,"column":null}},"64":{"start":{"line":255,"column":8},"end":{"line":257,"column":null}},"65":{"start":{"line":256,"column":10},"end":{"line":256,"column":null}},"66":{"start":{"line":261,"column":4},"end":{"line":263,"column":null}},"67":{"start":{"line":262,"column":6},"end":{"line":262,"column":null}},"68":{"start":{"line":265,"column":4},"end":{"line":271,"column":null}},"69":{"start":{"line":266,"column":6},"end":{"line":270,"column":null}},"70":{"start":{"line":273,"column":4},"end":{"line":276,"column":null}},"71":{"start":{"line":284,"column":2},"end":{"line":284,"column":null}}},"fnMap":{"0":{"name":"generateVideoWithByteDance","decl":{"start":{"line":18,"column":22},"end":{"line":18,"column":null}},"loc":{"start":{"line":23,"column":44},"end":{"line":79,"column":null}},"line":23},"1":{"name":"(anonymous_1)","decl":{"start":{"line":35,"column":20},"end":{"line":35,"column":27}},"loc":{"start":{"line":35,"column":27},"end":{"line":39,"column":3}},"line":35},"2":{"name":"(anonymous_2)","decl":{"start":{"line":87,"column":2},"end":{"line":87,"column":14}},"loc":{"start":{"line":87,"column":33},"end":{"line":93,"column":null}},"line":87},"3":{"name":"(anonymous_3)","decl":{"start":{"line":98,"column":8},"end":{"line":98,"column":null}},"loc":{"start":{"line":101,"column":37},"end":{"line":112,"column":null}},"line":101},"4":{"name":"(anonymous_4)","decl":{"start":{"line":114,"column":16},"end":{"line":114,"column":30}},"loc":{"start":{"line":114,"column":63},"end":{"line":127,"column":null}},"line":114},"5":{"name":"(anonymous_5)","decl":{"start":{"line":129,"column":16},"end":{"line":129,"column":30}},"loc":{"start":{"line":129,"column":97},"end":{"line":162,"column":null}},"line":129},"6":{"name":"(anonymous_6)","decl":{"start":{"line":164,"column":16},"end":{"line":164,"column":24}},"loc":{"start":{"line":164,"column":57},"end":{"line":198,"column":null}},"line":164},"7":{"name":"(anonymous_7)","decl":{"start":{"line":200,"column":10},"end":{"line":200,"column":33}},"loc":{"start":{"line":200,"column":75},"end":{"line":235,"column":null}},"line":200},"8":{"name":"(anonymous_8)","decl":{"start":{"line":221,"column":40},"end":{"line":221,"column":41}},"loc":{"start":{"line":221,"column":71},"end":{"line":225,"column":8}},"line":221},"9":{"name":"(anonymous_9)","decl":{"start":{"line":237,"column":10},"end":{"line":237,"column":24}},"loc":{"start":{"line":237,"column":66},"end":{"line":277,"column":null}},"line":237},"10":{"name":"hasByteDanceConfig","decl":{"start":{"line":283,"column":16},"end":{"line":283,"column":35}},"loc":{"start":{"line":283,"column":75},"end":{"line":285,"column":null}},"line":283}},"branchMap":{"0":{"loc":{"start":{"line":25,"column":17},"end":{"line":25,"column":null}},"type":"binary-expr","locations":[{"start":{"line":25,"column":17},"end":{"line":25,"column":34}},{"start":{"line":25,"column":34},"end":{"line":25,"column":null}}],"line":25},"1":{"loc":{"start":{"line":27,"column":2},"end":{"line":29,"column":null}},"type":"if","locations":[{"start":{"line":27,"column":2},"end":{"line":29,"column":null}},{"start":{},"end":{}}],"line":27},"2":{"loc":{"start":{"line":36,"column":4},"end":{"line":38,"column":null}},"type":"if","locations":[{"start":{"line":36,"column":4},"end":{"line":38,"column":null}},{"start":{},"end":{}}],"line":36},"3":{"loc":{"start":{"line":41,"column":2},"end":{"line":43,"column":null}},"type":"if","locations":[{"start":{"line":41,"column":2},"end":{"line":43,"column":null}},{"start":{},"end":{}}],"line":41},"4":{"loc":{"start":{"line":60,"column":10},"end":{"line":62,"column":null}},"type":"binary-expr","locations":[{"start":{"line":60,"column":10},"end":{"line":60,"column":36}},{"start":{"line":60,"column":36},"end":{"line":62,"column":null}}],"line":60},"5":{"loc":{"start":{"line":66,"column":2},"end":{"line":69,"column":null}},"type":"if","locations":[{"start":{"line":66,"column":2},"end":{"line":69,"column":null}},{"start":{},"end":{}}],"line":66},"6":{"loc":{"start":{"line":76,"column":9},"end":{"line":76,"column":null}},"type":"binary-expr","locations":[{"start":{"line":76,"column":9},"end":{"line":76,"column":27}},{"start":{"line":76,"column":27},"end":{"line":76,"column":39}},{"start":{"line":76,"column":39},"end":{"line":76,"column":null}}],"line":76},"7":{"loc":{"start":{"line":90,"column":14},"end":{"line":90,"column":null}},"type":"binary-expr","locations":[{"start":{"line":90,"column":14},"end":{"line":90,"column":31}},{"start":{"line":90,"column":31},"end":{"line":90,"column":null}}],"line":90},"8":{"loc":{"start":{"line":91,"column":13},"end":{"line":91,"column":null}},"type":"binary-expr","locations":[{"start":{"line":91,"column":13},"end":{"line":91,"column":29}},{"start":{"line":91,"column":29},"end":{"line":91,"column":null}}],"line":91},"9":{"loc":{"start":{"line":167,"column":4},"end":{"line":169,"column":null}},"type":"if","locations":[{"start":{"line":167,"column":4},"end":{"line":169,"column":null}},{"start":{},"end":{}}],"line":167},"10":{"loc":{"start":{"line":178,"column":15},"end":{"line":178,"column":null}},"type":"binary-expr","locations":[{"start":{"line":178,"column":15},"end":{"line":178,"column":24}},{"start":{"line":178,"column":24},"end":{"line":178,"column":null}}],"line":178},"11":{"loc":{"start":{"line":191,"column":4},"end":{"line":194,"column":null}},"type":"if","locations":[{"start":{"line":191,"column":4},"end":{"line":194,"column":null}},{"start":{},"end":{}}],"line":191},"12":{"loc":{"start":{"line":197,"column":11},"end":{"line":197,"column":null}},"type":"binary-expr","locations":[{"start":{"line":197,"column":11},"end":{"line":197,"column":50}},{"start":{"line":197,"column":50},"end":{"line":197,"column":null}}],"line":197},"13":{"loc":{"start":{"line":203,"column":24},"end":{"line":205,"column":null}},"type":"binary-expr","locations":[{"start":{"line":203,"column":24},"end":{"line":203,"column":null}},{"start":{"line":204,"column":23},"end":{"line":204,"column":null}},{"start":{"line":205,"column":23},"end":{"line":205,"column":null}}],"line":203},"14":{"loc":{"start":{"line":208,"column":6},"end":{"line":212,"column":null}},"type":"if","locations":[{"start":{"line":208,"column":6},"end":{"line":212,"column":null}},{"start":{"line":210,"column":13},"end":{"line":212,"column":null}}],"line":208},"15":{"loc":{"start":{"line":209,"column":18},"end":{"line":209,"column":null}},"type":"binary-expr","locations":[{"start":{"line":209,"column":18},"end":{"line":209,"column":34}},{"start":{"line":209,"column":34},"end":{"line":209,"column":null}}],"line":209},"16":{"loc":{"start":{"line":217,"column":6},"end":{"line":219,"column":null}},"type":"if","locations":[{"start":{"line":217,"column":6},"end":{"line":219,"column":null}},{"start":{},"end":{}}],"line":217},"17":{"loc":{"start":{"line":217,"column":10},"end":{"line":217,"column":53}},"type":"binary-expr","locations":[{"start":{"line":217,"column":10},"end":{"line":217,"column":25}},{"start":{"line":217,"column":25},"end":{"line":217,"column":53}}],"line":217},"18":{"loc":{"start":{"line":222,"column":28},"end":{"line":222,"column":65}},"type":"binary-expr","locations":[{"start":{"line":222,"column":28},"end":{"line":222,"column":48}},{"start":{"line":222,"column":48},"end":{"line":222,"column":65}}],"line":222},"19":{"loc":{"start":{"line":223,"column":36},"end":{"line":223,"column":64}},"type":"binary-expr","locations":[{"start":{"line":223,"column":36},"end":{"line":223,"column":61}},{"start":{"line":223,"column":61},"end":{"line":223,"column":64}}],"line":223},"20":{"loc":{"start":{"line":224,"column":19},"end":{"line":224,"column":null}},"type":"cond-expr","locations":[{"start":{"line":224,"column":51},"end":{"line":224,"column":68}},{"start":{"line":224,"column":68},"end":{"line":224,"column":null}}],"line":224},"21":{"loc":{"start":{"line":229,"column":17},"end":{"line":229,"column":null}},"type":"binary-expr","locations":[{"start":{"line":229,"column":17},"end":{"line":229,"column":33}},{"start":{"line":229,"column":33},"end":{"line":229,"column":null}}],"line":229},"22":{"loc":{"start":{"line":245,"column":6},"end":{"line":258,"column":null}},"type":"if","locations":[{"start":{"line":245,"column":6},"end":{"line":258,"column":null}},{"start":{"line":254,"column":6},"end":{"line":258,"column":null}}],"line":245},"23":{"loc":{"start":{"line":246,"column":8},"end":{"line":248,"column":null}},"type":"if","locations":[{"start":{"line":246,"column":8},"end":{"line":248,"column":null}},{"start":{},"end":{}}],"line":246},"24":{"loc":{"start":{"line":254,"column":6},"end":{"line":258,"column":null}},"type":"if","locations":[{"start":{"line":254,"column":6},"end":{"line":258,"column":null}},{"start":{},"end":{}}],"line":254},"25":{"loc":{"start":{"line":254,"column":17},"end":{"line":254,"column":41}},"type":"binary-expr","locations":[{"start":{"line":254,"column":17},"end":{"line":254,"column":32}},{"start":{"line":254,"column":32},"end":{"line":254,"column":41}}],"line":254},"26":{"loc":{"start":{"line":255,"column":8},"end":{"line":257,"column":null}},"type":"if","locations":[{"start":{"line":255,"column":8},"end":{"line":257,"column":null}},{"start":{},"end":{}}],"line":255},"27":{"loc":{"start":{"line":261,"column":4},"end":{"line":263,"column":null}},"type":"if","locations":[{"start":{"line":261,"column":4},"end":{"line":263,"column":null}},{"start":{},"end":{}}],"line":261},"28":{"loc":{"start":{"line":265,"column":4},"end":{"line":271,"column":null}},"type":"if","locations":[{"start":{"line":265,"column":4},"end":{"line":271,"column":null}},{"start":{},"end":{}}],"line":265},"29":{"loc":{"start":{"line":284,"column":9},"end":{"line":284,"column":null}},"type":"binary-expr","locations":[{"start":{"line":284,"column":9},"end":{"line":284,"column":28}},{"start":{"line":284,"column":28},"end":{"line":284,"column":null}}],"line":284}},"s":{"0":5,"1":0,"2":0,"3":0,"4":0,"5":0,"6":0,"7":0,"8":0,"9":0,"10":0,"11":0,"12":0,"13":0,"14":0,"15":0,"16":0,"17":0,"18":0,"19":0,"20":0,"21":0,"22":0,"23":0,"24":0,"25":0,"26":0,"27":0,"28":0,"29":0,"30":0,"31":0,"32":0,"33":0,"34":0,"35":0,"36":0,"37":0,"38":0,"39":0,"40":0,"41":0,"42":0,"43":0,"44":0,"45":0,"46":0,"47":0,"48":0,"49":0,"50":0,"51":0,"52":0,"53":0,"54":0,"55":0,"56":0,"57":0,"58":0,"59":0,"60":0,"61":0,"62":0,"63":0,"64":0,"65":0,"66":0,"67":0,"68":0,"69":0,"70":0,"71":0},"f":{"0":0,"1":0,"2":0,"3":0,"4":0,"5":0,"6":0,"7":0,"8":0,"9":0,"10":0},"b":{"0":[0,0],"1":[0,0],"2":[0,0],"3":[0,0],"4":[0,0],"5":[0,0],"6":[0,0,0],"7":[0,0],"8":[0,0],"9":[0,0],"10":[0,0],"11":[0,0],"12":[0,0],"13":[0,0,0],"14":[0,0],"15":[0,0],"16":[0,0],"17":[0,0],"18":[0,0],"19":[0,0],"20":[0,0],"21":[0,0],"22":[0,0],"23":[0,0],"24":[0,0],"25":[0,0],"26":[0,0],"27":[0,0],"28":[0,0],"29":[0,0]},"meta":{"lastBranch":30,"lastFunction":11,"lastStatement":72,"seen":{"s:5:27:13:Infinity":0,"f:18:22:18:Infinity":0,"s:24:17:24:Infinity":1,"s:25:17:25:Infinity":2,"b:25:17:25:34:25:34:25:Infinity":0,"b:27:2:29:Infinity:undefined:undefined:undefined:undefined":1,"s:27:2:29:Infinity":3,"s:28:4:28:Infinity":4,"s:32:19:32:Infinity":5,"s:33:32:33:Infinity":6,"s:35:2:39:Infinity":7,"f:35:20:35:27":1,"b:36:4:38:Infinity:undefined:undefined:undefined:undefined":2,"s:36:4:38:Infinity":8,"s:37:6:37:Infinity":9,"b:41:2:43:Infinity:undefined:undefined:undefined:undefined":3,"s:41:2:43:Infinity":10,"s:42:4:42:Infinity":11,"s:46:19:64:Infinity":12,"b:60:10:60:36:60:36:62:Infinity":4,"b:66:2:69:Infinity:undefined:undefined:undefined:undefined":5,"s:66:2:69:Infinity":13,"s:67:22:67:Infinity":14,"s:68:4:68:Infinity":15,"s:71:15:71:Infinity":16,"s:75:2:78:Infinity":17,"b:76:9:76:27:76:27:76:39:76:39:76:Infinity":6,"f:87:2:87:14":2,"s:88:4:92:Infinity":18,"b:90:14:90:31:90:31:90:Infinity":7,"b:91:13:91:29:91:29:91:Infinity":8,"f:98:8:98:Infinity":3,"s:103:4:103:Infinity":19,"s:104:21:104:Infinity":20,"s:107:4:107:Infinity":21,"s:108:19:108:Infinity":22,"s:110:4:110:Infinity":23,"s:111:4:111:Infinity":24,"f:114:16:114:30":4,"s:115:19:117:Infinity":25,"s:126:4:126:Infinity":26,"f:129:16:129:30":5,"s:130:19:136:Infinity":27,"s:160:21:160:Infinity":28,"s:161:4:161:Infinity":29,"f:164:16:164:24":6,"s:165:38:165:Infinity":30,"b:167:4:169:Infinity:undefined:undefined:undefined:undefined":9,"s:167:4:169:Infinity":31,"s:168:6:168:Infinity":32,"s:171:21:189:Infinity":33,"b:178:15:178:24:178:24:178:Infinity":10,"b:191:4:194:Infinity:undefined:undefined:undefined:undefined":11,"s:191:4:194:Infinity":34,"s:192:20:192:Infinity":35,"s:193:6:193:Infinity":36,"s:196:17:196:Infinity":37,"s:197:4:197:Infinity":38,"b:197:11:197:50:197:50:197:Infinity":12,"f:200:10:200:33":7,"s:201:4:234:Infinity":39,"s:203:24:205:Infinity":40,"b:203:24:203:Infinity:204:23:204:Infinity:205:23:205:Infinity":13,"s:207:20:207:Infinity":41,"b:208:6:212:Infinity:210:13:212:Infinity":14,"s:208:6:212:Infinity":42,"s:209:8:209:Infinity":43,"b:209:18:209:34:209:34:209:Infinity":15,"s:211:8:211:Infinity":44,"s:214:6:214:Infinity":45,"s:215:19:215:Infinity":46,"b:217:6:219:Infinity:undefined:undefined:undefined:undefined":16,"s:217:6:219:Infinity":47,"b:217:10:217:25:217:25:217:53":17,"s:218:8:218:Infinity":48,"s:221:25:225:Infinity":49,"f:221:40:221:41":8,"s:221:71:225:8":50,"b:222:28:222:48:222:48:222:65":18,"b:223:36:223:61:223:61:223:64":19,"b:224:51:224:68:224:68:224:Infinity":20,"s:227:6:230:Infinity":51,"b:229:17:229:33:229:33:229:Infinity":21,"s:232:6:232:Infinity":52,"s:233:6:233:Infinity":53,"f:237:10:237:24":9,"s:238:25:238:Infinity":54,"s:239:18:239:Infinity":55,"s:240:27:240:Infinity":56,"s:242:4:259:Infinity":57,"s:243:22:243:Infinity":58,"b:245:6:258:Infinity:254:6:258:Infinity":22,"s:245:6:258:Infinity":59,"b:246:8:248:Infinity:undefined:undefined:undefined:undefined":23,"s:246:8:248:Infinity":60,"s:247:10:247:Infinity":61,"s:249:8:253:Infinity":62,"b:254:6:258:Infinity:undefined:undefined:undefined:undefined":24,"s:254:6:258:Infinity":63,"b:254:17:254:32:254:32:254:41":25,"b:255:8:257:Infinity:undefined:undefined:undefined:undefined":26,"s:255:8:257:Infinity":64,"s:256:10:256:Infinity":65,"b:261:4:263:Infinity:undefined:undefined:undefined:undefined":27,"s:261:4:263:Infinity":66,"s:262:6:262:Infinity":67,"b:265:4:271:Infinity:undefined:undefined:undefined:undefined":28,"s:265:4:271:Infinity":68,"s:266:6:270:Infinity":69,"s:273:4:276:Infinity":70,"f:283:16:283:35":10,"s:284:2:284:Infinity":71,"b:284:9:284:28:284:28:284:Infinity":29}}}
,"/Users/hejinyang/vibeditor/src/services/llmService.ts": {"path":"/Users/hejinyang/vibeditor/src/services/llmService.ts","statementMap":{"0":{"start":{"line":4,"column":52},"end":{"line":11,"column":null}},"1":{"start":{"line":14,"column":54},"end":{"line":21,"column":null}},"2":{"start":{"line":27,"column":4},"end":{"line":31,"column":null}},"3":{"start":{"line":35,"column":4},"end":{"line":35,"column":null}},"4":{"start":{"line":39,"column":4},"end":{"line":39,"column":null}},"5":{"start":{"line":43,"column":19},"end":{"line":45,"column":null}},"6":{"start":{"line":54,"column":4},"end":{"line":54,"column":null}},"7":{"start":{"line":58,"column":19},"end":{"line":64,"column":null}},"8":{"start":{"line":88,"column":21},"end":{"line":88,"column":null}},"9":{"start":{"line":89,"column":4},"end":{"line":89,"column":null}},"10":{"start":{"line":93,"column":48},"end":{"line":93,"column":null}},"11":{"start":{"line":95,"column":4},"end":{"line":97,"column":null}},"12":{"start":{"line":96,"column":6},"end":{"line":96,"column":null}},"13":{"start":{"line":99,"column":4},"end":{"line":114,"column":null}},"14":{"start":{"line":101,"column":8},"end":{"line":101,"column":null}},"15":{"start":{"line":103,"column":8},"end":{"line":103,"column":null}},"16":{"start":{"line":105,"column":8},"end":{"line":105,"column":null}},"17":{"start":{"line":107,"column":8},"end":{"line":107,"column":null}},"18":{"start":{"line":109,"column":8},"end":{"line":109,"column":null}},"19":{"start":{"line":111,"column":8},"end":{"line":111,"column":null}},"20":{"start":{"line":113,"column":8},"end":{"line":113,"column":null}},"21":{"start":{"line":118,"column":21},"end":{"line":133,"column":null}},"22":{"start":{"line":135,"column":4},"end":{"line":138,"column":null}},"23":{"start":{"line":136,"column":20},"end":{"line":136,"column":null}},"24":{"start":{"line":137,"column":6},"end":{"line":137,"column":null}},"25":{"start":{"line":140,"column":17},"end":{"line":140,"column":null}},"26":{"start":{"line":141,"column":4},"end":{"line":141,"column":null}},"27":{"start":{"line":145,"column":21},"end":{"line":164,"column":null}},"28":{"start":{"line":166,"column":4},"end":{"line":169,"column":null}},"29":{"start":{"line":167,"column":20},"end":{"line":167,"column":null}},"30":{"start":{"line":168,"column":6},"end":{"line":168,"column":null}},"31":{"start":{"line":171,"column":17},"end":{"line":171,"column":null}},"32":{"start":{"line":172,"column":4},"end":{"line":172,"column":null}},"33":{"start":{"line":176,"column":21},"end":{"line":188,"column":null}},"34":{"start":{"line":190,"column":4},"end":{"line":193,"column":null}},"35":{"start":{"line":191,"column":20},"end":{"line":191,"column":null}},"36":{"start":{"line":192,"column":6},"end":{"line":192,"column":null}},"37":{"start":{"line":195,"column":17},"end":{"line":195,"column":null}},"38":{"start":{"line":196,"column":4},"end":{"line":196,"column":null}},"39":{"start":{"line":200,"column":21},"end":{"line":214,"column":null}},"40":{"start":{"line":216,"column":4},"end":{"line":219,"column":null}},"41":{"start":{"line":217,"column":20},"end":{"line":217,"column":null}},"42":{"start":{"line":218,"column":6},"end":{"line":218,"column":null}},"43":{"start":{"line":221,"column":17},"end":{"line":221,"column":null}},"44":{"start":{"line":222,"column":4},"end":{"line":222,"column":null}},"45":{"start":{"line":226,"column":21},"end":{"line":240,"column":null}},"46":{"start":{"line":242,"column":4},"end":{"line":245,"column":null}},"47":{"start":{"line":243,"column":20},"end":{"line":243,"column":null}},"48":{"start":{"line":244,"column":6},"end":{"line":244,"column":null}},"49":{"start":{"line":247,"column":17},"end":{"line":247,"column":null}},"50":{"start":{"line":248,"column":4},"end":{"line":248,"column":null}},"51":{"start":{"line":252,"column":21},"end":{"line":265,"column":null}},"52":{"start":{"line":267,"column":4},"end":{"line":270,"column":null}},"53":{"start":{"line":268,"column":20},"end":{"line":268,"column":null}},"54":{"start":{"line":269,"column":6},"end":{"line":269,"column":null}},"55":{"start":{"line":272,"column":17},"end":{"line":272,"column":null}},"56":{"start":{"line":273,"column":4},"end":{"line":277,"column":null}},"57":{"start":{"line":281,"column":4},"end":{"line":313,"column":null}},"58":{"start":{"line":282,"column":24},"end":{"line":284,"column":null}},"59":{"start":{"line":286,"column":20},"end":{"line":286,"column":null}},"60":{"start":{"line":287,"column":6},"end":{"line":291,"column":null}},"61":{"start":{"line":288,"column":8},"end":{"line":288,"column":null}},"62":{"start":{"line":290,"column":8},"end":{"line":290,"column":null}},"63":{"start":{"line":293,"column":6},"end":{"line":293,"column":null}},"64":{"start":{"line":294,"column":19},"end":{"line":294,"column":null}},"65":{"start":{"line":296,"column":6},"end":{"line":298,"column":null}},"66":{"start":{"line":297,"column":8},"end":{"line":297,"column":null}},"67":{"start":{"line":300,"column":25},"end":{"line":304,"column":null}},"68":{"start":{"line":300,"column":71},"end":{"line":304,"column":8}},"69":{"start":{"line":306,"column":6},"end":{"line":309,"column":null}},"70":{"start":{"line":311,"column":6},"end":{"line":311,"column":null}},"71":{"start":{"line":312,"column":6},"end":{"line":312,"column":null}},"72":{"start":{"line":317,"column":25},"end":{"line":317,"column":null}},"73":{"start":{"line":318,"column":18},"end":{"line":318,"column":null}},"74":{"start":{"line":319,"column":27},"end":{"line":319,"column":null}},"75":{"start":{"line":321,"column":4},"end":{"line":338,"column":null}},"76":{"start":{"line":322,"column":22},"end":{"line":322,"column":null}},"77":{"start":{"line":324,"column":6},"end":{"line":337,"column":null}},"78":{"start":{"line":325,"column":8},"end":{"line":327,"column":null}},"79":{"start":{"line":326,"column":10},"end":{"line":326,"column":null}},"80":{"start":{"line":328,"column":8},"end":{"line":332,"column":null}},"81":{"start":{"line":333,"column":6},"end":{"line":337,"column":null}},"82":{"start":{"line":334,"column":8},"end":{"line":336,"column":null}},"83":{"start":{"line":335,"column":10},"end":{"line":335,"column":null}},"84":{"start":{"line":340,"column":4},"end":{"line":342,"column":null}},"85":{"start":{"line":341,"column":6},"end":{"line":341,"column":null}},"86":{"start":{"line":344,"column":4},"end":{"line":350,"column":null}},"87":{"start":{"line":345,"column":6},"end":{"line":349,"column":null}},"88":{"start":{"line":352,"column":4},"end":{"line":355,"column":null}},"89":{"start":{"line":359,"column":4},"end":{"line":359,"column":null}},"90":{"start":{"line":360,"column":21},"end":{"line":360,"column":null}},"91":{"start":{"line":362,"column":4},"end":{"line":362,"column":null}},"92":{"start":{"line":363,"column":19},"end":{"line":363,"column":null}},"93":{"start":{"line":365,"column":4},"end":{"line":365,"column":null}},"94":{"start":{"line":366,"column":4},"end":{"line":366,"column":null}},"95":{"start":{"line":371,"column":2},"end":{"line":371,"column":null}},"96":{"start":{"line":371,"column":31},"end":{"line":371,"column":56}},"97":{"start":{"line":373,"column":20},"end":{"line":373,"column":null}},"98":{"start":{"line":373,"column":57},"end":{"line":373,"column":76}},"99":{"start":{"line":374,"column":16},"end":{"line":386,"column":null}},"100":{"start":{"line":375,"column":24},"end":{"line":375,"column":null}},"101":{"start":{"line":376,"column":22},"end":{"line":379,"column":null}},"102":{"start":{"line":377,"column":16},"end":{"line":377,"column":43}},"103":{"start":{"line":378,"column":29},"end":{"line":378,"column":49}},"104":{"start":{"line":381,"column":4},"end":{"line":385,"column":null}},"105":{"start":{"line":388,"column":2},"end":{"line":395,"column":null}}},"fnMap":{"0":{"name":"(anonymous_0)","decl":{"start":{"line":26,"column":2},"end":{"line":26,"column":14}},"loc":{"start":{"line":26,"column":33},"end":{"line":32,"column":null}},"line":26},"1":{"name":"(anonymous_1)","decl":{"start":{"line":34,"column":9},"end":{"line":34,"column":25}},"loc":{"start":{"line":34,"column":56},"end":{"line":36,"column":null}},"line":34},"2":{"name":"(anonymous_2)","decl":{"start":{"line":38,"column":9},"end":{"line":38,"column":26}},"loc":{"start":{"line":38,"column":57},"end":{"line":40,"column":null}},"line":38},"3":{"name":"(anonymous_3)","decl":{"start":{"line":42,"column":16},"end":{"line":42,"column":30}},"loc":{"start":{"line":42,"column":63},"end":{"line":55,"column":null}},"line":42},"4":{"name":"(anonymous_4)","decl":{"start":{"line":57,"column":16},"end":{"line":57,"column":30}},"loc":{"start":{"line":57,"column":97},"end":{"line":90,"column":null}},"line":57},"5":{"name":"(anonymous_5)","decl":{"start":{"line":92,"column":16},"end":{"line":92,"column":24}},"loc":{"start":{"line":92,"column":57},"end":{"line":115,"column":null}},"line":92},"6":{"name":"(anonymous_6)","decl":{"start":{"line":117,"column":16},"end":{"line":117,"column":30}},"loc":{"start":{"line":117,"column":107},"end":{"line":142,"column":null}},"line":117},"7":{"name":"(anonymous_7)","decl":{"start":{"line":144,"column":16},"end":{"line":144,"column":27}},"loc":{"start":{"line":144,"column":104},"end":{"line":173,"column":null}},"line":144},"8":{"name":"(anonymous_8)","decl":{"start":{"line":175,"column":16},"end":{"line":175,"column":26}},"loc":{"start":{"line":175,"column":104},"end":{"line":197,"column":null}},"line":175},"9":{"name":"(anonymous_9)","decl":{"start":{"line":199,"column":16},"end":{"line":199,"column":26}},"loc":{"start":{"line":199,"column":103},"end":{"line":223,"column":null}},"line":199},"10":{"name":"(anonymous_10)","decl":{"start":{"line":225,"column":16},"end":{"line":225,"column":27}},"loc":{"start":{"line":225,"column":104},"end":{"line":249,"column":null}},"line":225},"11":{"name":"(anonymous_11)","decl":{"start":{"line":251,"column":16},"end":{"line":251,"column":27}},"loc":{"start":{"line":251,"column":104},"end":{"line":278,"column":null}},"line":251},"12":{"name":"(anonymous_12)","decl":{"start":{"line":280,"column":10},"end":{"line":280,"column":33}},"loc":{"start":{"line":280,"column":75},"end":{"line":314,"column":null}},"line":280},"13":{"name":"(anonymous_13)","decl":{"start":{"line":300,"column":40},"end":{"line":300,"column":41}},"loc":{"start":{"line":300,"column":71},"end":{"line":304,"column":8}},"line":300},"14":{"name":"(anonymous_14)","decl":{"start":{"line":316,"column":10},"end":{"line":316,"column":24}},"loc":{"start":{"line":316,"column":66},"end":{"line":356,"column":null}},"line":316},"15":{"name":"(anonymous_15)","decl":{"start":{"line":358,"column":8},"end":{"line":358,"column":27}},"loc":{"start":{"line":358,"column":112},"end":{"line":367,"column":null}},"line":358},"16":{"name":"mockGenerateFromScript","decl":{"start":{"line":370,"column":22},"end":{"line":370,"column":45}},"loc":{"start":{"line":370,"column":94},"end":{"line":396,"column":null}},"line":370},"17":{"name":"(anonymous_17)","decl":{"start":{"line":371,"column":20},"end":{"line":371,"column":31}},"loc":{"start":{"line":371,"column":31},"end":{"line":371,"column":56}},"line":371},"18":{"name":"(anonymous_18)","decl":{"start":{"line":373,"column":52},"end":{"line":373,"column":57}},"loc":{"start":{"line":373,"column":57},"end":{"line":373,"column":76}},"line":373},"19":{"name":"(anonymous_19)","decl":{"start":{"line":374,"column":70},"end":{"line":374,"column":71}},"loc":{"start":{"line":374,"column":84},"end":{"line":386,"column":3}},"line":374},"20":{"name":"(anonymous_20)","decl":{"start":{"line":377,"column":11},"end":{"line":377,"column":16}},"loc":{"start":{"line":377,"column":16},"end":{"line":377,"column":43}},"line":377},"21":{"name":"(anonymous_21)","decl":{"start":{"line":378,"column":14},"end":{"line":378,"column":15}},"loc":{"start":{"line":378,"column":29},"end":{"line":378,"column":49}},"line":378}},"branchMap":{"0":{"loc":{"start":{"line":29,"column":13},"end":{"line":29,"column":null}},"type":"binary-expr","locations":[{"start":{"line":29,"column":13},"end":{"line":29,"column":29}},{"start":{"line":29,"column":29},"end":{"line":29,"column":null}}],"line":29},"1":{"loc":{"start":{"line":30,"column":14},"end":{"line":30,"column":null}},"type":"binary-expr","locations":[{"start":{"line":30,"column":14},"end":{"line":30,"column":31}},{"start":{"line":30,"column":31},"end":{"line":30,"column":null}}],"line":30},"2":{"loc":{"start":{"line":95,"column":4},"end":{"line":97,"column":null}},"type":"if","locations":[{"start":{"line":95,"column":4},"end":{"line":97,"column":null}},{"start":{},"end":{}}],"line":95},"3":{"loc":{"start":{"line":99,"column":4},"end":{"line":114,"column":null}},"type":"switch","locations":[{"start":{"line":100,"column":6},"end":{"line":101,"column":null}},{"start":{"line":102,"column":6},"end":{"line":103,"column":null}},{"start":{"line":104,"column":6},"end":{"line":105,"column":null}},{"start":{"line":106,"column":6},"end":{"line":107,"column":null}},{"start":{"line":108,"column":6},"end":{"line":109,"column":null}},{"start":{"line":110,"column":6},"end":{"line":111,"column":null}},{"start":{"line":112,"column":6},"end":{"line":113,"column":null}}],"line":99},"4":{"loc":{"start":{"line":125,"column":15},"end":{"line":125,"column":null}},"type":"binary-expr","locations":[{"start":{"line":125,"column":15},"end":{"line":125,"column":24}},{"start":{"line":125,"column":24},"end":{"line":125,"column":null}}],"line":125},"5":{"loc":{"start":{"line":135,"column":4},"end":{"line":138,"column":null}},"type":"if","locations":[{"start":{"line":135,"column":4},"end":{"line":138,"column":null}},{"start":{},"end":{}}],"line":135},"6":{"loc":{"start":{"line":141,"column":11},"end":{"line":141,"column":null}},"type":"binary-expr","locations":[{"start":{"line":141,"column":11},"end":{"line":141,"column":50}},{"start":{"line":141,"column":50},"end":{"line":141,"column":null}}],"line":141},"7":{"loc":{"start":{"line":152,"column":15},"end":{"line":152,"column":null}},"type":"binary-expr","locations":[{"start":{"line":152,"column":15},"end":{"line":152,"column":24}},{"start":{"line":152,"column":24},"end":{"line":152,"column":null}}],"line":152},"8":{"loc":{"start":{"line":166,"column":4},"end":{"line":169,"column":null}},"type":"if","locations":[{"start":{"line":166,"column":4},"end":{"line":169,"column":null}},{"start":{},"end":{}}],"line":166},"9":{"loc":{"start":{"line":172,"column":11},"end":{"line":172,"column":null}},"type":"binary-expr","locations":[{"start":{"line":172,"column":11},"end":{"line":172,"column":58}},{"start":{"line":172,"column":58},"end":{"line":172,"column":79}},{"start":{"line":172,"column":79},"end":{"line":172,"column":null}}],"line":172},"10":{"loc":{"start":{"line":190,"column":4},"end":{"line":193,"column":null}},"type":"if","locations":[{"start":{"line":190,"column":4},"end":{"line":193,"column":null}},{"start":{},"end":{}}],"line":190},"11":{"loc":{"start":{"line":196,"column":11},"end":{"line":196,"column":null}},"type":"binary-expr","locations":[{"start":{"line":196,"column":11},"end":{"line":196,"column":26}},{"start":{"line":196,"column":26},"end":{"line":196,"column":null}}],"line":196},"12":{"loc":{"start":{"line":207,"column":15},"end":{"line":207,"column":null}},"type":"binary-expr","locations":[{"start":{"line":207,"column":15},"end":{"line":207,"column":24}},{"start":{"line":207,"column":24},"end":{"line":207,"column":null}}],"line":207},"13":{"loc":{"start":{"line":216,"column":4},"end":{"line":219,"column":null}},"type":"if","locations":[{"start":{"line":216,"column":4},"end":{"line":219,"column":null}},{"start":{},"end":{}}],"line":216},"14":{"loc":{"start":{"line":222,"column":11},"end":{"line":222,"column":null}},"type":"binary-expr","locations":[{"start":{"line":222,"column":11},"end":{"line":222,"column":50}},{"start":{"line":222,"column":50},"end":{"line":222,"column":null}}],"line":222},"15":{"loc":{"start":{"line":233,"column":15},"end":{"line":233,"column":null}},"type":"binary-expr","locations":[{"start":{"line":233,"column":15},"end":{"line":233,"column":24}},{"start":{"line":233,"column":24},"end":{"line":233,"column":null}}],"line":233},"16":{"loc":{"start":{"line":242,"column":4},"end":{"line":245,"column":null}},"type":"if","locations":[{"start":{"line":242,"column":4},"end":{"line":245,"column":null}},{"start":{},"end":{}}],"line":242},"17":{"loc":{"start":{"line":248,"column":11},"end":{"line":248,"column":null}},"type":"binary-expr","locations":[{"start":{"line":248,"column":11},"end":{"line":248,"column":50}},{"start":{"line":248,"column":50},"end":{"line":248,"column":null}}],"line":248},"18":{"loc":{"start":{"line":267,"column":4},"end":{"line":270,"column":null}},"type":"if","locations":[{"start":{"line":267,"column":4},"end":{"line":270,"column":null}},{"start":{},"end":{}}],"line":267},"19":{"loc":{"start":{"line":273,"column":11},"end":{"line":277,"column":null}},"type":"binary-expr","locations":[{"start":{"line":273,"column":11},"end":{"line":273,"column":null}},{"start":{"line":274,"column":11},"end":{"line":274,"column":null}},{"start":{"line":275,"column":11},"end":{"line":275,"column":null}},{"start":{"line":276,"column":11},"end":{"line":276,"column":null}},{"start":{"line":277,"column":11},"end":{"lin
[...]
144,"column":29},"end":{"line":144,"column":49}},"line":144},"15":{"name":"(anonymous_15)","decl":{"start":{"line":164,"column":50},"end":{"line":164,"column":51}},"loc":{"start":{"line":164,"column":65},"end":{"line":392,"column":2}},"line":164},"16":{"name":"(anonymous_16)","decl":{"start":{"line":173,"column":11},"end":{"line":173,"column":12}},"loc":{"start":{"line":173,"column":54},"end":{"line":187,"column":null}},"line":173},"17":{"name":"(anonymous_17)","decl":{"start":{"line":189,"column":12},"end":{"line":189,"column":13}},"loc":{"start":{"line":189,"column":99},"end":{"line":204,"column":null}},"line":189},"18":{"name":"(anonymous_18)","decl":{"start":{"line":191,"column":43},"end":{"line":191,"column":44}},"loc":{"start":{"line":191,"column":60},"end":{"line":201,"column":5}},"line":191},"19":{"name":"(anonymous_19)","decl":{"start":{"line":206,"column":14},"end":{"line":206,"column":15}},"loc":{"start":{"line":206,"column":54},"end":{"line":220,"column":null}},"line":206},"20":{"name":"(anonymous_20)","decl":{"start":{"line":209,"column":23},"end":{"line":209,"column":31}},"loc":{"start":{"line":209,"column":31},"end":{"line":218,"column":7}},"line":209},"21":{"name":"(anonymous_21)","decl":{"start":{"line":222,"column":14},"end":{"line":222,"column":15}},"loc":{"start":{"line":222,"column":30},"end":{"line":231,"column":null}},"line":222},"22":{"name":"(anonymous_22)","decl":{"start":{"line":224,"column":34},"end":{"line":224,"column":39}},"loc":{"start":{"line":224,"column":39},"end":{"line":224,"column":50}},"line":224},"23":{"name":"(anonymous_23)","decl":{"start":{"line":225,"column":35},"end":{"line":225,"column":36}},"loc":{"start":{"line":225,"column":51},"end":{"line":225,"column":75}},"line":225},"24":{"name":"(anonymous_24)","decl":{"start":{"line":233,"column":16},"end":{"line":233,"column":17}},"loc":{"start":{"line":233,"column":39},"end":{"line":241,"column":null}},"line":233},"25":{"name":"(anonymous_25)","decl":{"start":{"line":235,"column":38},"end":{"line":235,"column":43}},"loc":{"start":{"line":235,"column":43},"end":{"line":235,"column":52}},"line":235},"26":{"name":"(anonymous_26)","decl":{"start":{"line":237,"column":11},"end":{"line":237,"column":17}},"loc":{"start":{"line":237,"column":17},"end":{"line":237,"column":32}},"line":237},"27":{"name":"(anonymous_27)","decl":{"start":{"line":238,"column":14},"end":{"line":238,"column":15}},"loc":{"start":{"line":238,"column":32},"end":{"line":238,"column":35}},"line":238},"28":{"name":"(anonymous_28)","decl":{"start":{"line":239,"column":11},"end":{"line":239,"column":12}},"loc":{"start":{"line":239,"column":27},"end":{"line":239,"column":51}},"line":239},"29":{"name":"(anonymous_29)","decl":{"start":{"line":243,"column":12},"end":{"line":243,"column":13}},"loc":{"start":{"line":243,"column":78},"end":{"line":253,"column":null}},"line":243},"30":{"name":"(anonymous_30)","decl":{"start":{"line":255,"column":15},"end":{"line":255,"column":16}},"loc":{"start":{"line":255,"column":33},"end":{"line":259,"column":null}},"line":255},"31":{"name":"(anonymous_31)","decl":{"start":{"line":261,"column":17},"end":{"line":261,"column":24}},"loc":{"start":{"line":261,"column":43},"end":{"line":318,"column":null}},"line":261},"32":{"name":"(anonymous_32)","decl":{"start":{"line":263,"column":28},"end":{"line":263,"column":33}},"loc":{"start":{"line":263,"column":33},"end":{"line":263,"column":48}},"line":263},"33":{"name":"(anonymous_33)","decl":{"start":{"line":266,"column":8},"end":{"line":266,"column":18}},"loc":{"start":{"line":266,"column":18},"end":{"line":268,"column":6}},"line":266},"34":{"name":"(anonymous_34)","decl":{"start":{"line":296,"column":10},"end":{"line":296,"column":20}},"loc":{"start":{"line":296,"column":20},"end":{"line":304,"column":8}},"line":296},"35":{"name":"(anonymous_35)","decl":{"start":{"line":297,"column":31},"end":{"line":297,"column":36}},"loc":{"start":{"line":297,"column":36},"end":{"line":302,"column":9}},"line":297},"36":{"name":"(anonymous_36)","decl":{"start":{"line":306,"column":17},"end":{"line":306,"column":23}},"loc":{"start":{"line":306,"column":23},"end":{"line":310,"column":9}},"line":306},"37":{"name":"(anonymous_37)","decl":{"start":{"line":307,"column":12},"end":{"line":307,"column":22}},"loc":{"start":{"line":307,"column":22},"end":{"line":309,"column":10}},"line":307},"38":{"name":"(anonymous_38)","decl":{"start":{"line":314,"column":10},"end":{"line":314,"column":20}},"loc":{"start":{"line":314,"column":20},"end":{"line":316,"column":8}},"line":314},"39":{"name":"(anonymous_39)","decl":{"start":{"line":320,"column":14},"end":{"line":320,"column":15}},"loc":{"start":{"line":320,"column":41},"end":{"line":322,"column":null}},"line":320},"40":{"name":"(anonymous_40)","decl":{"start":{"line":324,"column":15},"end":{"line":324,"column":16}},"loc":{"start":{"line":324,"column":43},"end":{"line":326,"column":null}},"line":324},"41":{"name":"(anonymous_41)","decl":{"start":{"line":328,"column":19},"end":{"line":328,"column":20}},"loc":{"start":{"line":328,"column":51},"end":{"line":333,"column":null}},"line":328},"42":{"name":"(anonymous_42)","decl":{"start":{"line":335,"column":16},"end":{"line":335,"column":22}},"loc":{"start":{"line":335,"column":22},"end":{"line":337,"column":null}},"line":335},"43":{"name":"(anonymous_43)","decl":{"start":{"line":339,"column":18},"end":{"line":339,"column":24}},"loc":{"start":{"line":339,"column":24},"end":{"line":342,"column":null}},"line":339},"44":{"name":"(anonymous_44)","decl":{"start":{"line":344,"column":19},"end":{"line":344,"column":20}},"loc":{"start":{"line":344,"column":51},"end":{"line":349,"column":null}},"line":344},"45":{"name":"(anonymous_45)","decl":{"start":{"line":351,"column":16},"end":{"line":351,"column":22}},"loc":{"start":{"line":351,"column":22},"end":{"line":353,"column":null}},"line":351},"46":{"name":"(anonymous_46)","decl":{"start":{"line":355,"column":16},"end":{"line":355,"column":22}},"loc":{"start":{"line":355,"column":22},"end":{"line":358,"column":null}},"line":355},"47":{"name":"(anonymous_47)","decl":{"start":{"line":360,"column":27},"end":{"line":360,"column":34}},"loc":{"start":{"line":360,"column":122},"end":{"line":373,"column":null}},"line":360},"48":{"name":"(anonymous_48)","decl":{"start":{"line":375,"column":15},"end":{"line":375,"column":16}},"loc":{"start":{"line":375,"column":31},"end":{"line":377,"column":null}},"line":375},"49":{"name":"(anonymous_49)","decl":{"start":{"line":376,"column":28},"end":{"line":376,"column":33}},"loc":{"start":{"line":376,"column":33},"end":{"line":376,"column":44}},"line":376},"50":{"name":"(anonymous_50)","decl":{"start":{"line":379,"column":19},"end":{"line":379,"column":25}},"loc":{"start":{"line":379,"column":25},"end":{"line":382,"column":null}},"line":379},"51":{"name":"(anonymous_51)","decl":{"start":{"line":381,"column":22},"end":{"line":381,"column":27}},"loc":{"start":{"line":381,"column":27},"end":{"line":381,"column":50}},"line":381},"52":{"name":"(anonymous_52)","decl":{"start":{"line":384,"column":20},"end":{"line":384,"column":26}},"loc":{"start":{"line":384,"column":26},"end":{"line":391,"column":null}},"line":384},"53":{"name":"(anonymous_53)","decl":{"start":{"line":387,"column":37},"end":{"line":387,"column":42}},"loc":{"start":{"line":387,"column":42},"end":{"line":387,"column":66}},"line":387}},"branchMap":{"0":{"loc":{"start":{"line":18,"column":4},"end":{"line":20,"column":null}},"type":"if","locations":[{"start":{"line":18,"column":4},"end":{"line":20,"column":null}},{"start":{},"end":{}}],"line":18},"1":{"loc":{"start":{"line":44,"column":4},"end":{"line":46,"column":null}},"type":"if","locations":[{"start":{"line":44,"column":4},"end":{"line":46,"column":null}},{"start":{},"end":{}}],"line":44},"2":{"loc":{"start":{"line":121,"column":4},"end":{"line":123,"column":null}},"type":"if","locations":[{"start":{"line":121,"column":4},"end":{"line":123,"column":null}},{"start":{},"end":{}}],"line":121},"3":{"loc":{"start":{"line":126,"column":2},"end":{"line":128,"column":null}},"type":"if","locations":[{"start":{"line":126,"column":2},"end":{"line":128,"column":null}},{"start":{},"end":{}}],"line":126},"4":{"loc":{"start":{"line":141,"column":24},"end":{"line":141,"column":null}},"type":"binary-expr","locations":[{"start":{"line":141,"column":24},"end":{"line":141,"column":102}},{"start":{"line":141,"column":102},"end":{"line":141,"column":null}}],"line":141},"5":{"loc":{"start":{"line":155,"column":11},"end":{"line":159,"column":null}},"type":"cond-expr","locations":[{"start":{"line":155,"column":30},"end":{"line":155,"column":38}},{"start":{"line":155,"column":38},"end":{"line":159,"column":null}}],"line":155},"6":{"loc":{"start":{"line":192,"column":24},"end":{"line":192,"column":null}},"type":"binary-expr","locations":[{"start":{"line":192,"column":24},"end":{"line":192,"column":42}},{"start":{"line":192,"column":42},"end":{"line":192,"column":null}}],"line":192},"7":{"loc":{"start":{"line":210,"column":8},"end":{"line":216,"column":null}},"type":"if","locations":[{"start":{"line":210,"column":8},"end":{"line":216,"column":null}},{"start":{},"end":{}}],"line":210},"8":{"loc":{"start":{"line":212,"column":10},"end":{"line":214,"column":null}},"type":"if","locations":[{"start":{"line":212,"column":10},"end":{"line":214,"column":null}},{"start":{},"end":{}}],"line":212},"9":{"loc":{"start":{"line":229,"column":22},"end":{"line":229,"column":null}},"type":"cond-expr","locations":[{"start":{"line":229,"column":46},"end":{"line":229,"column":53}},{"start":{"line":229,"column":53},"end":{"line":229,"column":null}}],"line":229},"10":{"loc":{"start":{"line":243,"column":40},"end":{"line":243,"column":78}},"type":"default-arg","locations":[{"start":{"line":243,"column":66},"end":{"line":243,"column":78}}],"line":243},"11":{"loc":{"start":{"line":264,"column":4},"end":{"line":264,"column":null}},"type":"if","locations":[{"start":{"line":264,"column":4},"end":{"line":264,"column":null}},{"start":{},"end":{}}],"line":264},"12":{"loc":{"start":{"line":273,"column":6},"end":{"line":286,"column":null}},"type":"if","locations":[{"start":{"line":273,"column":6},"end":{"line":286,"column":null}},{"start":{"line":280,"column":13},"end":{"line":286,"column":null}}],"line":273},"13":{"loc":{"start":{"line":273,"column":10},"end":{"line":273,"column":66}},"type":"binary-expr","locations":[{"start":{"line":273,"column":10},"end":{"line":273,"column":30}},{"start":{"line":273,"column":30},"end":{"line":273,"column":66}}],"line":273},"14":{"loc":{"start":{"line":298,"column":10},"end":{"line":300,"column":null}},"type":"if","locations":[{"start":{"line":298,"column":10},"end":{"line":300,"column":null}},{"start":{},"end":{}}],"line":298},"15":{"loc":{"start":{"line":341,"column":11},"end":{"line":341,"column":null}},"type":"binary-expr","locations":[{"start":{"line":341,"column":11},"end":{"line":341,"column":33}},{"start":{"line":341,"column":33},"end":{"line":341,"column":null}}],"line":341},"16":{"loc":{"start":{"line":357,"column":11},"end":{"line":357,"column":null}},"type":"binary-expr","locations":[{"start":{"line":357,"column":11},"end":{"line":357,"column":33}},{"start":{"line":357,"column":33},"end":{"line":357,"column":null}}],"line":357},"17":{"loc":{"start":{"line":363,"column":4},"end":{"line":372,"column":null}},"type":"if","locations":[{"start":{"line":363,"column":4},"end":{"line":372,"column":null}},{"start":{"line":366,"column":4},"end":{"line":372,"column":null}}],"line":363},"18":{"loc":{"start":{"line":363,"column":8},"end":{"line":363,"column":62}},"type":"binary-expr","locations":[{"start":{"line":363,"column":8},"end":{"line":363,"column":26}},{"start":{"line":363,"column":26},"end":{"line":363,"column":62}}],"line":363},"19":{"loc":{"start":{"line":366,"column":4},"end":{"line":372,"column":null}},"type":"if","locations":[{"start":{"line":366,"column":4},"end":{"line":372,"column":null}},{"start":{"line":369,"column":11},"end":{"line":372,"column":null}}],"line":366},"20":{"loc":{"start":{"line":388,"column":6},"end":{"line":388,"column":null}},"type":"if","locations":[{"start":{"line":388,"column":6},"end":{"line":388,"column":null}},{"start":{},"end":{}}],"line":388}},"s":{"0":5,"1":5,"2":5,"3":5,"4":0,"5":5,"6":5,"7":1,"8":1,"9":5,"10":5,"11":5,"12":5,"13":0,"14":5,"15":5,"16":0,"17":0,"18":5,"19":11,"20":5,"21":9,"22":9,"23":9,"24":4,"25":9,"26":5,"27":0,"28":0,"29":0,"30":0,"31":0,"32":0,"33":0,"34":0,"35":0,"36":0,"37":5,"38":0,"39":0,"40":0,"41":0,"42":0,"43":0,"44":0,"45":0,"46":0,"47":0,"48":0,"49":5,"50":5,"51":8,"52":8,"53":8,"54":8,"55":0,"56":0,"57":0,"58":0,"59":0,"60":1,"61":1,"62":1,"63":1,"64":1,"65":1,"66":1,"67":0,"68":1,"69":1,"70":3,"71":1,"72":2,"73":1,"74":1,"75":1,"76":2,"77":1,"78":2,"79":2,"80":2,"81":1,"82":3,"83":3,"84":3,"85":2,"86":2,"87":2,"88":0,"89":0,"90":0,"91":0,"92":0,"93":0,"94":0,"95":0,"96":0,"97":0,"98":0,"99":0,"100":0,"101":0,"102":0,"103":0,"104":0,"105":0,"106":0,"107":0,"108":0,"109":0,"110":0,"111":1,"112":1,"113":1,"114":1,"115":1,"116":1,"117":1,"118":38,"119":38,"120":0,"121":0,"122":0,"123":0,"124":0,"125":0,"126":0,"127":0,"128":0,"129":0,"130":0,"131":0,"132":0,"133":0,"134":0,"135":0,"136":0,"137":0,"138":0,"139":0,"140":0,"141":0,"142":0,"143":0,"144":0,"145":0,"146":0,"147":0},"f":{"0":5,"1":1,"2":5,"3":0,"4":11,"5":9,"6":0,"7":0,"8":0,"9":0,"10":0,"11":0,"12":0,"13":0,"14":0,"15":5,"16":8,"17":0,"18":0,"19":1,"20":1,"21":1,"22":3,"23":2,"24":1,"25":2,"26":2,"27":2,"28":2,"29":3,"30":2,"31":0,"32":0,"33":0,"34":0,"35":0,"36":0,"37":0,"38":0,"39":1,"40":1,"41":1,"42":1,"43":38,"44":0,"45":0,"46":0,"47":0,"48":0,"49":0,"50":0,"51":0,"52":0,"53":0},"b":{"0":[0,5],"1":[0,5],"2":[0,0],"3":[0,0],"4":[0,0],"5":[0,0],"6":[0,0],"7":[1,0],"8":[1,0],"9":[0,1],"10":[3],"11":[0,0],"12":[0,0],"13":[0,0],"14":[0,0],"15":[38,1],"16":[0,0],"17":[0,0],"18":[0,0],"19":[0,0],"20":[0,0]},"meta":{"lastBranch":21,"lastFunction":54,"lastStatement":148,"seen":{"s:15:22:29:Infinity":0,"f:15:22:15:39":0,"s:16:2:23:Infinity":1,"s:17:18:17:Infinity":2,"b:18:4:20:Infinity:undefined:undefined:undefined:undefined":0,"s:18:4:20:Infinity":3,"s:19:6:19:Infinity":4,"s:24:2:28:Infinity":5,"s:32:22:38:Infinity":6,"f:32:22:32:23":1,"s:33:2:37:Infinity":7,"s:34:4:34:Infinity":8,"s:41:22:56:Infinity":9,"f:41:22:41:39":2,"s:42:2:49:Infinity":10,"s:43:18:43:Infinity":11,"b:44:4:46:Infinity:undefined:undefined:undefined:undefined":1,"s:44:4:46:Infinity":12,"s:45:6:45:Infinity":13,"s:50:2:55:Infinity":14,"s:59:22:65:Infinity":15,"f:59:22:59:23":3,"s:60:2:64:Infinity":16,"s:61:4:61:Infinity":17,"s:98:19:98:Infinity":18,"f:98:19:98:25":4,"s:98:25:98:Infinity":19,"s:100:23:108:Infinity":20,"f:100:23:100:24":5,"s:101:25:101:Infinity":21,"s:102:16:102:Infinity":22,"s:104:2:106:Infinity":23,"s:105:4:105:Infinity":24,"s:107:2:107:Infinity":25,"s:110:26:134:Infinity":26,"f:110:26:110:Infinity":6,"s:115:2:115:Infinity":27,"f:115:20:115:31":7,"s:115:31:115:79":28,"s:117:15:117:Infinity":29,"s:118:31:118:Infinity":30,"s:120:2:124:Infinity":31,"f:120:20:120:27":8,"b:121:4:123:Infinity:undefined:undefined:undefined:undefined":2,"s:121:4:123:Infinity":32,"s:122:6:122:Infinity":33,"b:126:2:128:Infinity:undefined:undefined:undefined:undefined":3,"s:126:2:128:Infinity":34,"s:127:4:127:Infinity":35,"s:130:2:133:Infinity":36,"s:136:31:162:Infinity":37,"f:136:31:136:38":9,"s:137:2:137:Infinity":38,"f:137:20:137:31":10,"s:137:31:137:56":39,"s:139:20:139:Infinity":40,"f:139:52:139:57":11,"s:139:57:139:76":41,"s:140:16:152:Infinity":42,"f:140:70:140:71":12,"s:141:24:141:Infinity":43,"b:141:24:141:102:141:102:141:Infinity":4,"s:142:22:145:Infinity":44,"f:143:11:143:16":13,"s:143:16:143:43":45,"f:144:14:144:15":14,"s:144:29:144:49":46,"s:147:4:151:Infinity":47,"s:154:2:161:Infinity":48,"b:155:30:155:38:155:38:159:Infinity":5,"s:164:13:392:Infinity":49,"f:164:50:164:51":15,"s:164:65:392:2":50,"f:173:11:173:12":16,"s:174:22:174:Infinity":51,"s:175:22:175:Infinity":52,"s:177:26:184:Infinity":53,"s:186:4:186:Infinity":54,"f:189:12:189:13":17,"s:190:22:190:Infinity":55,"s:191:29:201:Infinity":56,"f:191:43:191:44":18,"s:192:24:192:Infinity":57,"b:192:24:192:42:192:42:192:Infinity":6,"s:193:6:200:Infinity":58,"s:203:4:203:Infinity":59,"f:206:14:206:15":19,"s:207:22:207:Infinity":60,"s:208:4:219:Infinity":61,"f:209:23:209:31":20,"b:210:8:216:Infinity:undefined:undefined:undefined:undefined":7,"s:210:8:216:Infinity":62,"s:211:26:211:Infinity":63,"b:212:10:214:Infinity:undefined:undefined:undefined:undefined":8,"s:212:10:214:Infinity":64,"s:213:12:213:Infinity":65,"s:215:10:215:Infinity":66,"s:217:8:217:Infinity":67,"f:222:14:222:15":21,"s:223:38:223:Infinity":68,"s:224:21:224:Infinity":69,"f:224:34:224:39":22,"s:224:39:224:50":70,"s:225:22:225:Infinity":71,"f:225:35:225:36":23,"s:225:51:225:75":72,"s:227:4:230:Infinity":73,"b:229:46:229:53:229:53:229:Infinity":9,"f:233:16:233:17":24,"s:234:22:234:Infinity":74,"s:235:20:235:Infinity":75,"f:235:38:235:43":25,"s:235:43:235:52":76,"s:236:22:239:Infinity":77,"f:237:11:237:17":26,"s:237:17:237:32":78,"f:238:14:238:15":27,"s:238:32:238:35":79,"f:239:11:239:12":28,"s:239:27:239:51":80,"s:240:4:240:Infinity":81,"f:243:12:243:13":29,"b:243:66:243:78":10,"s:244:23:244:Infinity":82,"s:245:28:251:Infinity":83,"s:252:4:252:Infinity":84,"f:255:15:255:16":30,"s:256:23:256:Infinity":85,"s:257:35:257:Infinity":86,"s:258:4:258:Infinity":87,"f:261:17:261:24":31,"s:262:57:262:Infinity":88,"s:263:17:263:Infinity":89,"f:263:28:263:33":32,"s:263:33:263:48":90,"b:264:4:264:Infinity:undefined:undefined:undefined:undefined":11,"s:264:4:264:Infinity":91,"s:264:15:264:Infinity":92,"s:266:4:268:Infinity":93,"f:266:8:266:18":33,"s:266:18:268:6":94,"s:270:4:317:Infinity":95,"b:273:6:286:Infinity:280:13:286:Infinity":12,"s:273:6:286:Infinity":96,"b:273:10:273:30:273:30:273:66":13,"s:274:8:279:Infinity":97,"s:281:8:285:Infinity":98,"s:288:30:294:Infinity":99,"s:296:6:304:Infinity":100,"f:296:10:296:20":34,"s:296:20:304:8":101,"f:297:31:297:36":35,"b:298:10:300:Infinity:undefined:undefined:undefined:undefined":14,"s:298:10:300:Infinity":102,"s:299:12:299:Infinity":103,"s:301:10:301:Infinity":104,"s:306:6:310:Infinity":105,"f:306:17:306:23":36,"s:307:8:309:Infinity":106,"f:307:12:307:22":37,"s:307:22:309:10":107,"s:313:6:313:Infinity":108,"s:314:6:316:Infinity":109,"f:314:10:314:20":38,"s:314:20:316:8":110,"f:320:14:320:15":39,"s:321:4:321:Infinity":111,"f:324:15:324:16":40,"s:325:4:325:Infinity":112,"f:328:19:328:20":41,"s:329:26:329:Infinity":113,"s:330:22:330:Infinity":114,"s:331:4:331:Infinity":115,"s:332:4:332:Infinity":116,"f:335:16:335:22":42,"s:336:4:336:Infinity":117,"f:339:18:339:24":43,"s:340:26:340:Infinity":118,"s:341:4:341:Infinity":119,"b:341:11:341:33:341:33:341:Infinity":15,"f:344:19:344:20":44,"s:345:26:345:Infinity":120,"s:346:22:346:Infinity":121,"s:347:4:347:Infinity":122,"s:348:4:348:Infinity":123,"f:351:16:351:22":45,"s:352:4:352:Infinity":124,"f:355:16:355:22":46,"s:356:26:356:Infinity":125,"s:357:4:357:Infinity":126,"b:357:11:357:33:357:33:357:Infinity":16,"f:360:27:360:34":47,"s:361:40:361:Infinity":127,"b:363:4:372:Infinity:366:4:372:Infinity":17,"s:363:4:372:Infinity":128,"b:363:8:363:26:363:26:363:62":18,"s:364:22:364:Infinity":129,"s:365:6:365:Infinity":130,"b:366:4:372:Infinity:369:11:372:Infinity":19,"s:366:4:372:Infinity":131,"s:367:22:367:Infinity":132,"s:368:6:368:Infinity":133,"s:370:6:370:Infinity":134,"s:371:6:371:Infinity":135,"f:375:15:375:16":48,"s:376:4:376:Infinity":136,"f:376:28:376:33":49,"s:376:33:376:44":137,"f:379:19:379:25":50,"s:380:38:380:Infinity":138,"s:381:4:381:Infinity":139,"f:381:22:381:27":51,"s:381:27:381:50":140,"f:384:20:384:26":52,"s:385:39:385:Infinity":141,"s:386:4:389:Infinity":142,"s:387:20:387:Infinity":143,"f:387:37:387:42":53,"s:387:42:387:66":144,"b:388:6:388:Infinity:undefined:undefined:undefined:undefined":20,"s:388:6:388:Infinity":145,"s:388:17:388:Infinity":146,"s:390:4:390:Infinity":147}}}
}
